#
# There is insufficient memory for the Java Runtime Environment to continue.
# Native memory allocation (malloc) failed to allocate 1041776 bytes for Chunk::new
# Possible reasons:
#   The system is out of physical RAM or swap space
#   In 32 bit mode, the process size limit was hit
# Possible solutions:
#   Reduce memory load on the system
#   Increase physical memory or swap space
#   Check if swap backing store is full
#   Use 64 bit Java on a 64 bit OS
#   Decrease Java heap size (-Xmx/-Xms)
#   Decrease number of Java threads
#   Decrease Java thread stack sizes (-Xss)
#   Set larger code cache with -XX:ReservedCodeCacheSize=
# This output file may be truncated or incomplete.
#
#  Out of Memory Error (allocation.cpp:390), pid=8152, tid=0x0000000000001f60
#
# JRE version: OpenJDK Runtime Environment (8.0_152-b02) (build 1.8.0_152-release-1024-b02)
# Java VM: OpenJDK 64-Bit Server VM (25.152-b02 mixed mode windows-amd64 compressed oops)
# Failed to write core dump. Minidumps are not enabled by default on client versions of Windows
#

---------------  T H R E A D  ---------------

Current thread (0x0000000015f79800):  JavaThread "C2 CompilerThread0" daemon [_thread_in_native, id=8032, stack(0x00000000174e0000,0x00000000175e0000)]

Stack: [0x00000000174e0000,0x00000000175e0000]
[error occurred during error reporting (printing stack bounds), id 0xc0000005]

Native frames: (J=compiled Java code, j=interpreted, Vv=VM code, C=native code)


Current CompileTask:
C2:4826854 20063       4       com.android.tools.r8.ir.conversion.IRBuilder::readRegister (36 bytes)


---------------  P R O C E S S  ---------------

Java Threads: ( => current thread )
  0x0000000018c89000 JavaThread "ForkJoinPool.commonPool-worker-1" daemon [_thread_blocked, id=9320, stack(0x0000000039110000,0x0000000039210000)]
  0x0000000018c87800 JavaThread "ForkJoinPool.commonPool-worker-0" daemon [_thread_blocked, id=8312, stack(0x0000000039010000,0x0000000039110000)]
  0x0000000018c8c000 JavaThread "ForkJoinPool.commonPool-worker-3" daemon [_thread_in_native, id=6208, stack(0x0000000038f10000,0x0000000039010000)]
  0x0000000018c8b000 JavaThread "Cache worker for Java compile cache (E:\Android\Projects\part\.gradle\4.4\javaCompile)" [_thread_blocked, id=6268, stack(0x0000000038e10000,0x0000000038f10000)]
  0x000000001d377800 JavaThread "Task worker for ':' Thread 3" [_thread_blocked, id=9888, stack(0x0000000038010000,0x0000000038110000)]
  0x000000001d378800 JavaThread "Task worker for ':' Thread 2" [_thread_blocked, id=5868, stack(0x0000000037f10000,0x0000000038010000)]
  0x000000001d377000 JavaThread "Task worker for ':'" [_thread_blocked, id=8580, stack(0x0000000037e10000,0x0000000037f10000)]
  0x000000001d375800 JavaThread "Cache worker for Build Output Cleanup Cache (E:\Android\Projects\part\.gradle\buildOutputCleanup)" [_thread_blocked, id=9404, stack(0x0000000037d10000,0x0000000037e10000)]
  0x000000001d37a800 JavaThread "Cache worker for task history cache (E:\Android\Projects\part\.gradle\4.4\taskHistory)" [_thread_blocked, id=9528, stack(0x0000000037c10000,0x0000000037d10000)]
  0x000000001d37a000 JavaThread "Cache worker for file content cache (E:\Android\Projects\part\.gradle\4.4\fileContent)" [_thread_blocked, id=6136, stack(0x0000000037b10000,0x0000000037c10000)]
  0x000000001d376000 JavaThread "build operations Thread 4" [_thread_blocked, id=4444, stack(0x0000000037a10000,0x0000000037b10000)]
  0x000000001d36e000 JavaThread "build operations Thread 3" [_thread_blocked, id=1100, stack(0x0000000037910000,0x0000000037a10000)]
  0x000000001d374800 JavaThread "build operations Thread 2" [_thread_blocked, id=3500, stack(0x0000000037810000,0x0000000037910000)]
  0x000000001d36d000 JavaThread "build operations" [_thread_blocked, id=8096, stack(0x0000000037710000,0x0000000037810000)]
  0x000000001d374000 JavaThread "Cache worker for Artifact transforms cache (C:\Users\Anji\.gradle\caches\transforms-1)" [_thread_blocked, id=3768, stack(0x0000000037610000,0x0000000037710000)]
  0x000000001d36c800 JavaThread "Cache worker for file hash cache (E:\Android\Projects\part\.gradle\4.4\fileHashes)" [_thread_blocked, id=7040, stack(0x0000000037510000,0x0000000037610000)]
  0x000000001d373000 JavaThread "Asynchronous log dispatcher for DefaultDaemonConnection: socket connection from /127.0.0.1:53228 to /127.0.0.1:53773" [_thread_blocked, id=2100, stack(0x0000000037310000,0x0000000037410000)]
  0x000000001d36e800 JavaThread "Daemon worker Thread 9" [_thread_blocked, id=11196, stack(0x0000000037210000,0x0000000037310000)]
  0x000000001d370000 JavaThread "Cancel handler" [_thread_blocked, id=248, stack(0x0000000037110000,0x0000000037210000)]
  0x000000001d36f800 JavaThread "Handler for socket connection from /127.0.0.1:53228 to /127.0.0.1:53773" [_thread_in_native, id=5332, stack(0x0000000037010000,0x0000000037110000)]
  0x000000001d36b800 JavaThread "Daemon Thread 9" [_thread_blocked, id=10920, stack(0x0000000036f10000,0x0000000037010000)]
  0x0000000018c8a800 JavaThread "Memory manager" [_thread_blocked, id=856, stack(0x00000000208a0000,0x00000000209a0000)]
  0x000000001c575800 JavaThread "pool-1-thread-1" [_thread_blocked, id=2752, stack(0x00000000205a0000,0x00000000206a0000)]
  0x00000000188b5800 JavaThread "File lock request listener" [_thread_in_native, id=10316, stack(0x000000001b900000,0x000000001ba00000)]
  0x0000000018e57800 JavaThread "Cache worker for file hash cache (C:\Users\Anji\.gradle\caches\4.4\fileHashes)" [_thread_blocked, id=10892, stack(0x000000001a830000,0x000000001a930000)]
  0x0000000018c59800 JavaThread "Daemon periodic checks" [_thread_blocked, id=9796, stack(0x0000000019d30000,0x0000000019e30000)]
  0x0000000018420000 JavaThread "Incoming local TCP Connector on port 53228" [_thread_in_native, id=6696, stack(0x0000000019af0000,0x0000000019bf0000)]
  0x0000000015fde800 JavaThread "Service Thread" daemon [_thread_blocked, id=3392, stack(0x0000000017be0000,0x0000000017ce0000)]
  0x0000000015f89000 JavaThread "C1 CompilerThread2" daemon [_thread_blocked, id=9512, stack(0x00000000176e0000,0x00000000177e0000)]
  0x0000000015f7c800 JavaThread "C2 CompilerThread1" daemon [_thread_blocked, id=512, stack(0x00000000175e0000,0x00000000176e0000)]
=>0x0000000015f79800 JavaThread "C2 CompilerThread0" daemon [_thread_in_native, id=8032, stack(0x00000000174e0000,0x00000000175e0000)]
  0x0000000015f87000 JavaThread "Attach Listener" daemon [_thread_blocked, id=11072, stack(0x00000000173e0000,0x00000000174e0000)]
  0x0000000015f86000 JavaThread "Signal Dispatcher" daemon [_thread_blocked, id=10812, stack(0x00000000172e0000,0x00000000173e0000)]
  0x000000000260c800 JavaThread "Finalizer" daemon [_thread_blocked, id=4316, stack(0x00000000171e0000,0x00000000172e0000)]
  0x0000000002601800 JavaThread "Reference Handler" daemon [_thread_blocked, id=8256, stack(0x00000000170e0000,0x00000000171e0000)]
  0x000000000240e000 JavaThread "main" [_thread_blocked, id=4712, stack(0x0000000002410000,0x0000000002510000)]

Other Threads:
  0x0000000015f45000 VMThread [stack: 0x0000000016fe0000,0x00000000170e0000] [id=4196]
  0x0000000017800800 WatcherThread [stack: 0x0000000017ce0000,0x0000000017de0000] [id=4940]

VM state:not at safepoint (normal execution)

VM Mutex/Monitor currently owned by a thread: None

Heap:
 PSYoungGen      total 226816K, used 161324K [0x00000000e0000000, 0x00000000f1b80000, 0x0000000100000000)
  eden space 186368K, 82% used [0x00000000e0000000,0x00000000e95e7e60,0x00000000eb600000)
  from space 40448K, 19% used [0x00000000eb600000,0x00000000ebda3240,0x00000000edd80000)
  to   space 38912K, 0% used [0x00000000ef580000,0x00000000ef580000,0x00000000f1b80000)
 ParOldGen       total 174080K, used 81750K [0x00000000a0000000, 0x00000000aaa00000, 0x00000000e0000000)
  object space 174080K, 46% used [0x00000000a0000000,0x00000000a4fd5b20,0x00000000aaa00000)
 Metaspace       used 80071K, capacity 84120K, committed 84440K, reserved 1122304K
  class space    used 10158K, capacity 10901K, committed 11008K, reserved 1048576K

Card table byte_map: [0x00000000119d0000,0x0000000011ce0000] byte_map_base: 0x00000000114d0000

Marking Bits: (ParMarkBitMap*) 0x000000005edd4970
 Begin Bits: [0x00000000122e0000, 0x0000000013ae0000)
 End Bits:   [0x0000000013ae0000, 0x00000000152e0000)

Polling page: 0x0000000000660000

CodeCache: size=245760Kb used=53786Kb max_used=53817Kb free=191973Kb
 bounds [0x0000000002610000, 0x0000000005b00000, 0x0000000011610000]
 total_blobs=16080 nmethods=15241 adapters=750
 compilation: enabled

Compilation events (10 events):
Event: 4823.622 Thread 0x0000000015f89000 20057       1       com.android.tools.r8.org.objectweb.asm.tree.InsnList::getLast (5 bytes)
Event: 4823.710 Thread 0x0000000015f89000 nmethod 20057 0x0000000005ab0c90 code [0x0000000005ab0de0, 0x0000000005ab0ef0]
Event: 4824.025 Thread 0x0000000015f79800 20058       4       com.android.tools.r8.ir.code.Invoke::requiredArgumentRegisters (43 bytes)
Event: 4824.108 Thread 0x0000000015f79800 nmethod 20058 0x0000000005aa3350 code [0x0000000005aa34e0, 0x0000000005aa3978]
Event: 4824.265 Thread 0x0000000015f89000 20059       3       com.android.tools.r8.ir.code.IRCode::collectArguments (120 bytes)
Event: 4824.267 Thread 0x0000000015f7c800 20062       4       com.android.tools.r8.ir.conversion.JarSourceCode::getTryHandlers (172 bytes)
Event: 4824.327 Thread 0x0000000015f79800 20063       4       com.android.tools.r8.ir.conversion.IRBuilder::readRegister (36 bytes)
Event: 4824.354 Thread 0x0000000015f89000 nmethod 20059 0x0000000005aa4710 code [0x0000000005aa4a20, 0x0000000005aa6138]
Event: 4824.355 Thread 0x0000000015f89000 20077       3       com.android.tools.r8.ir.code.IRCode::computeNormalExitBlocks (55 bytes)
Event: 4824.815 Thread 0x0000000015f89000 nmethod 20077 0x0000000005add4d0 code [0x0000000005add740, 0x0000000005ade588]

GC Heap History (10 events):
Event: 1947.379 GC heap before
{Heap before GC invocations=49 (full 4):
 PSYoungGen      total 183296K, used 161117K [0x00000000e0000000, 0x00000000edb00000, 0x0000000100000000)
  eden space 147456K, 99% used [0x00000000e0000000,0x00000000e8fe8690,0x00000000e9000000)
  from space 35840K, 38% used [0x00000000eb800000,0x00000000ec56f160,0x00000000edb00000)
  to   space 38400K, 0% used [0x00000000e9000000,0x00000000e9000000,0x00000000eb580000)
 ParOldGen       total 174080K, used 80469K [0x00000000a0000000, 0x00000000aaa00000, 0x00000000e0000000)
  object space 174080K, 46% used [0x00000000a0000000,0x00000000a4e954d0,0x00000000aaa00000)
 Metaspace       used 78894K, capacity 82238K, committed 82776K, reserved 1122304K
  class space    used 10037K, capacity 10662K, committed 10880K, reserved 1048576K
Event: 1947.441 GC heap after
Heap after GC invocations=49 (full 4):
 PSYoungGen      total 185856K, used 9736K [0x00000000e0000000, 0x00000000ee680000, 0x0000000100000000)
  eden space 147456K, 0% used [0x00000000e0000000,0x00000000e0000000,0x00000000e9000000)
  from space 38400K, 25% used [0x00000000e9000000,0x00000000e99820b8,0x00000000eb580000)
  to   space 36864K, 0% used [0x00000000ec280000,0x00000000ec280000,0x00000000ee680000)
 ParOldGen       total 174080K, used 80541K [0x00000000a0000000, 0x00000000aaa00000, 0x00000000e0000000)
  object space 174080K, 46% used [0x00000000a0000000,0x00000000a4ea74f0,0x00000000aaa00000)
 Metaspace       used 78894K, capacity 82238K, committed 82776K, reserved 1122304K
  class space    used 10037K, capacity 10662K, committed 10880K, reserved 1048576K
}
Event: 1947.485 GC heap before
{Heap before GC invocations=50 (full 4):
 PSYoungGen      total 185856K, used 156723K [0x00000000e0000000, 0x00000000ee680000, 0x0000000100000000)
  eden space 147456K, 99% used [0x00000000e0000000,0x00000000e8f8aec8,0x00000000e9000000)
  from space 38400K, 25% used [0x00000000e9000000,0x00000000e99820b8,0x00000000eb580000)
  to   space 36864K, 0% used [0x00000000ec280000,0x00000000ec280000,0x00000000ee680000)
 ParOldGen       total 174080K, used 80541K [0x00000000a0000000, 0x00000000aaa00000, 0x00000000e0000000)
  object space 174080K, 46% used [0x00000000a0000000,0x00000000a4ea74f0,0x00000000aaa00000)
 Metaspace       used 78906K, capacity 82238K, committed 82776K, reserved 1122304K
  class space    used 10037K, capacity 10662K, committed 10880K, reserved 1048576K
Event: 1947.498 GC heap after
Heap after GC invocations=50 (full 4):
 PSYoungGen      total 200704K, used 8498K [0x00000000e0000000, 0x00000000eef80000, 0x0000000100000000)
  eden space 163840K, 0% used [0x00000000e0000000,0x00000000e0000000,0x00000000ea000000)
  from space 36864K, 23% used [0x00000000ec280000,0x00000000ecaccac8,0x00000000ee680000)
  to   space 35328K, 0% used [0x00000000ea000000,0x00000000ea000000,0x00000000ec280000)
 ParOldGen       total 174080K, used 80541K [0x00000000a0000000, 0x00000000aaa00000, 0x00000000e0000000)
  object space 174080K, 46% used [0x00000000a0000000,0x00000000a4ea74f0,0x00000000aaa00000)
 Metaspace       used 78906K, capacity 82238K, committed 82776K, reserved 1122304K
  class space    used 10037K, capacity 10662K, committed 10880K, reserved 1048576K
}
Event: 3689.599 GC heap before
{Heap before GC invocations=51 (full 4):
 PSYoungGen      total 200704K, used 172338K [0x00000000e0000000, 0x00000000eef80000, 0x0000000100000000)
  eden space 163840K, 100% used [0x00000000e0000000,0x00000000ea000000,0x00000000ea000000)
  from space 36864K, 23% used [0x00000000ec280000,0x00000000ecaccac8,0x00000000ee680000)
  to   space 35328K, 0% used [0x00000000ea000000,0x00000000ea000000,0x00000000ec280000)
 ParOldGen       total 174080K, used 80541K [0x00000000a0000000, 0x00000000aaa00000, 0x00000000e0000000)
  object space 174080K, 46% used [0x00000000a0000000,0x00000000a4ea74f0,0x00000000aaa00000)
 Metaspace       used 78979K, capacity 82322K, committed 82776K, reserved 1122304K
  class space    used 10038K, capacity 10662K, committed 10880K, reserved 1048576K
Event: 3689.808 GC heap after
Heap after GC invocations=51 (full 4):
 PSYoungGen      total 199168K, used 4640K [0x00000000e0000000, 0x00000000eff80000, 0x0000000100000000)
  eden space 163840K, 0% used [0x00000000e0000000,0x00000000e0000000,0x00000000ea000000)
  from space 35328K, 13% used [0x00000000ea000000,0x00000000ea488040,0x00000000ec280000)
  to   space 34816K, 0% used [0x00000000edd80000,0x00000000edd80000,0x00000000eff80000)
 ParOldGen       total 174080K, used 81370K [0x00000000a0000000, 0x00000000aaa00000, 0x00000000e0000000)
  object space 174080K, 46% used [0x00000000a0000000,0x00000000a4f76b00,0x00000000aaa00000)
 Metaspace       used 78979K, capacity 82322K, committed 82776K, reserved 1122304K
  class space    used 10038K, capacity 10662K, committed 10880K, reserved 1048576K
}
Event: 3724.050 GC heap before
{Heap before GC invocations=52 (full 4):
 PSYoungGen      total 199168K, used 168480K [0x00000000e0000000, 0x00000000eff80000, 0x0000000100000000)
  eden space 163840K, 100% used [0x00000000e0000000,0x00000000ea000000,0x00000000ea000000)
  from space 35328K, 13% used [0x00000000ea000000,0x00000000ea488040,0x00000000ec280000)
  to   space 34816K, 0% used [0x00000000edd80000,0x00000000edd80000,0x00000000eff80000)
 ParOldGen       total 174080K, used 81370K [0x00000000a0000000, 0x00000000aaa00000, 0x00000000e0000000)
  object space 174080K, 46% used [0x00000000a0000000,0x00000000a4f76b00,0x00000000aaa00000)
 Metaspace       used 79265K, capacity 82694K, committed 83032K, reserved 1122304K
  class space    used 10046K, capacity 10696K, committed 10880K, reserved 1048576K
Event: 3724.215 GC heap after
Heap after GC invocations=52 (full 4):
 PSYoungGen      total 221184K, used 33270K [0x00000000e0000000, 0x00000000f0900000, 0x0000000100000000)
  eden space 186368K, 0% used [0x00000000e0000000,0x00000000e0000000,0x00000000eb600000)
  from space 34816K, 95% used [0x00000000edd80000,0x00000000efdfdb80,0x00000000eff80000)
  to   space 40448K, 0% used [0x00000000eb600000,0x00000000eb600000,0x00000000edd80000)
 ParOldGen       total 174080K, used 81522K [0x00000000a0000000, 0x00000000aaa00000, 0x00000000e0000000)
  object space 174080K, 46% used [0x00000000a0000000,0x00000000a4f9cb00,0x00000000aaa00000)
 Metaspace       used 79265K, capacity 82694K, committed 83032K, reserved 1122304K
  class space    used 10046K, capacity 10696K, committed 10880K, reserved 1048576K
}
Event: 4377.317 GC heap before
{Heap before GC invocations=53 (full 4):
 PSYoungGen      total 221184K, used 219638K [0x00000000e0000000, 0x00000000f0900000, 0x0000000100000000)
  eden space 186368K, 100% used [0x00000000e0000000,0x00000000eb600000,0x00000000eb600000)
  from space 34816K, 95% used [0x00000000edd80000,0x00000000efdfdb80,0x00000000eff80000)
  to   space 40448K, 0% used [0x00000000eb600000,0x00000000eb600000,0x00000000edd80000)
 ParOldGen       total 174080K, used 81522K [0x00000000a0000000, 0x00000000aaa00000, 0x00000000e0000000)
  object space 174080K, 46% used [0x00000000a0000000,0x00000000a4f9cb00,0x00000000aaa00000)
 Metaspace       used 79670K, capacity 83356K, committed 83544K, reserved 1122304K
  class space    used 10100K, capacity 10795K, committed 10880K, reserved 1048576K
Event: 4378.590 GC heap after
Heap after GC invocations=53 (full 4):
 PSYoungGen      total 226816K, used 7820K [0x00000000e0000000, 0x00000000f1b80000, 0x0000000100000000)
  eden space 186368K, 0% used [0x00000000e0000000,0x00000000e0000000,0x00000000eb600000)
  from space 40448K, 19% used [0x00000000eb600000,0x00000000ebda3240,0x00000000edd80000)
  to   space 38912K, 0% used [0x00000000ef580000,0x00000000ef580000,0x00000000f1b80000)
 ParOldGen       total 174080K, used 81750K [0x00000000a0000000, 0x00000000aaa00000, 0x00000000e0000000)
  object space 174080K, 46% used [0x00000000a0000000,0x00000000a4fd5b20,0x00000000aaa00000)
 Metaspace       used 79670K, capacity 83356K, committed 83544K, reserved 1122304K
  class space    used 10100K, capacity 10795K, committed 10880K, reserved 1048576K
}

Deoptimization events (10 events):
Event: 3725.556 Thread 0x0000000018c8b000 Uncommon trap: reason=array_check action=maybe_recompile pc=0x00000000048a1f4c method=java.util.TimSort.mergeLo(IIII)V @ 590
Event: 3725.557 Thread 0x0000000018c8b000 Uncommon trap: reason=array_check action=maybe_recompile pc=0x00000000048a1f4c method=java.util.TimSort.mergeLo(IIII)V @ 590
Event: 3725.562 Thread 0x0000000018c8b000 Uncommon trap: reason=array_check action=maybe_recompile pc=0x000000000386be0c method=java.util.TimSort.mergeLo(IIII)V @ 590
Event: 4702.848 Thread 0x000000001d36e800 Uncommon trap: reason=null_check action=make_not_entrant pc=0x0000000004585760 method=org.gradle.api.internal.collections.CollectionFilter.filter(Ljava/lang/Object;)Ljava/lang/Object; @ 5
Event: 4810.003 Thread 0x000000001d36e800 Uncommon trap: reason=bimorphic action=maybe_recompile pc=0x00000000057d5ed8 method=com.sun.tools.javac.comp.Attr.selectSym(Lcom/sun/tools/javac/tree/JCTree$JCFieldAccess;Lcom/sun/tools/javac/code/Symbol;Lcom/sun/tools/javac/code/Type;Lcom/sun/tools/javac
Event: 4811.907 Thread 0x000000001d36e800 Uncommon trap: reason=unstable_if action=reinterpret pc=0x0000000003fead78 method=com.sun.tools.javac.tree.TreeScanner.scan(Lcom/sun/tools/javac/util/List;)V @ 1
Event: 4813.595 Thread 0x000000001d36e800 Uncommon trap: reason=class_check action=maybe_recompile pc=0x00000000044c4cdc method=com.sun.tools.javac.code.Type$ClassType.isRaw()Z @ 31
Event: 4813.664 Thread 0x000000001d36e800 Uncommon trap: reason=bimorphic action=maybe_recompile pc=0x00000000057d5ed8 method=com.sun.tools.javac.comp.Attr.selectSym(Lcom/sun/tools/javac/tree/JCTree$JCFieldAccess;Lcom/sun/tools/javac/code/Symbol;Lcom/sun/tools/javac/code/Type;Lcom/sun/tools/javac
Event: 4813.664 Thread 0x000000001d36e800 Uncommon trap: reason=unstable_if action=reinterpret pc=0x00000000057a6f20 method=com.sun.tools.javac.code.Scope.dble()V @ 113
Event: 4814.402 Thread 0x000000001d36e800 Uncommon trap: reason=class_check action=maybe_recompile pc=0x000000000418cfa0 method=com.sun.tools.javac.code.Types$SignatureGenerator.assembleSig(Lcom/sun/tools/javac/code/Type;)V @ 210

Classes redefined (0 events):
No events

Internal exceptions (10 events):
Event: 4705.279 Thread 0x000000001d36e800 Exception <a 'sun/nio/fs/WindowsException'> (0x00000000e21c67d8) thrown at [D:\src\AOSP-openjdk-cygwin\jdk8u\hotspot\src\share\vm\prims\jni.cpp, line 709]
Event: 4705.279 Thread 0x000000001d36e800 Exception <a 'sun/nio/fs/WindowsException'> (0x00000000e21c7278) thrown at [D:\src\AOSP-openjdk-cygwin\jdk8u\hotspot\src\share\vm\prims\jni.cpp, line 709]
Event: 4705.279 Thread 0x000000001d36e800 Exception <a 'sun/nio/fs/WindowsException'> (0x00000000e21c8d50) thrown at [D:\src\AOSP-openjdk-cygwin\jdk8u\hotspot\src\share\vm\prims\jni.cpp, line 709]
Event: 4705.279 Thread 0x000000001d36e800 Exception <a 'sun/nio/fs/WindowsException'> (0x00000000e21c9830) thrown at [D:\src\AOSP-openjdk-cygwin\jdk8u\hotspot\src\share\vm\prims\jni.cpp, line 709]
Event: 4705.280 Thread 0x000000001d36e800 Exception <a 'sun/nio/fs/WindowsException'> (0x00000000e21cbd40) thrown at [D:\src\AOSP-openjdk-cygwin\jdk8u\hotspot\src\share\vm\prims\jni.cpp, line 709]
Event: 4705.280 Thread 0x000000001d36e800 Exception <a 'sun/nio/fs/WindowsException'> (0x00000000e21cc850) thrown at [D:\src\AOSP-openjdk-cygwin\jdk8u\hotspot\src\share\vm\prims\jni.cpp, line 709]
Event: 4705.280 Thread 0x000000001d36e800 Exception <a 'sun/nio/fs/WindowsException'> (0x00000000e21ce3a0) thrown at [D:\src\AOSP-openjdk-cygwin\jdk8u\hotspot\src\share\vm\prims\jni.cpp, line 709]
Event: 4705.280 Thread 0x000000001d36e800 Exception <a 'sun/nio/fs/WindowsException'> (0x00000000e21ceee8) thrown at [D:\src\AOSP-openjdk-cygwin\jdk8u\hotspot\src\share\vm\prims\jni.cpp, line 709]
Event: 4823.012 Thread 0x0000000018c8c000 Exception <a 'sun/nio/fs/WindowsException'> (0x00000000e91e8b00) thrown at [D:\src\AOSP-openjdk-cygwin\jdk8u\hotspot\src\share\vm\prims\jni.cpp, line 709]
Event: 4824.797 Thread 0x0000000018c88000 Exception <a 'sun/nio/fs/WindowsException'> (0x00000000e938af20) thrown at [D:\src\AOSP-openjdk-cygwin\jdk8u\hotspot\src\share\vm\prims\jni.cpp, line 709]

Events (10 events):
Event: 4823.710 Thread 0x0000000015f89000 flushing nmethod 0x0000000002b178d0
Event: 4823.711 Thread 0x0000000015f89000 flushing nmethod 0x0000000002d302d0
Event: 4824.108 Thread 0x0000000015f79800 flushing nmethod 0x0000000002ee8210
Event: 4824.108 Thread 0x0000000015f79800 flushing nmethod 0x0000000002efe7d0
Event: 4824.108 Thread 0x0000000015f79800 flushing nmethod 0x0000000002efefd0
Event: 4824.108 Thread 0x0000000015f79800 flushing nmethod 0x0000000002eff450
Event: 4824.108 Thread 0x0000000015f79800 flushing nmethod 0x0000000002f30390
Event: 4824.108 Thread 0x0000000015f79800 flushing nmethod 0x0000000002f65610
Event: 4824.108 Thread 0x0000000015f79800 flushing nmethod 0x0000000003033710
Event: 4824.816 Thread 0x0000000015f89000 flushing nmethod 0x0000000003562810


Dynamic libraries:
0x00007ff6d54b0000 - 0x00007ff6d54e1000 	C:\Program Files\Android\Android Studio1\jre\bin\java.exe
0x00007ff826520000 - 0x00007ff826701000 	C:\WINDOWS\SYSTEM32\ntdll.dll
0x00007ff823dd0000 - 0x00007ff823e82000 	C:\WINDOWS\System32\KERNEL32.DLL
0x00007ff823400000 - 0x00007ff823673000 	C:\WINDOWS\System32\KERNELBASE.dll
0x00007ff823a70000 - 0x00007ff823b11000 	C:\WINDOWS\System32\ADVAPI32.dll
0x00007ff824150000 - 0x00007ff8241ee000 	C:\WINDOWS\System32\msvcrt.dll
0x00007ff824090000 - 0x00007ff8240eb000 	C:\WINDOWS\System32\sechost.dll
0x00007ff825c20000 - 0x00007ff825d44000 	C:\WINDOWS\System32\RPCRT4.dll
0x00007ff825dc0000 - 0x00007ff825f50000 	C:\WINDOWS\System32\USER32.dll
0x00007ff8228f0000 - 0x00007ff822910000 	C:\WINDOWS\System32\win32u.dll
0x00007ff823b20000 - 0x00007ff823b48000 	C:\WINDOWS\System32\GDI32.dll
0x00007ff8236e0000 - 0x00007ff823872000 	C:\WINDOWS\System32\gdi32full.dll
0x00007ff823310000 - 0x00007ff8233af000 	C:\WINDOWS\System32\msvcp_win.dll
0x00007ff823210000 - 0x00007ff82330a000 	C:\WINDOWS\System32\ucrtbase.dll
0x00007ff810af0000 - 0x00007ff810d59000 	C:\WINDOWS\WinSxS\amd64_microsoft.windows.common-controls_6595b64144ccf1df_6.0.17134.407_none_fb449d63306391e9\COMCTL32.dll
0x00007ff8261c0000 - 0x00007ff8264e2000 	C:\WINDOWS\System32\combase.dll
0x00007ff823880000 - 0x00007ff8238fa000 	C:\WINDOWS\System32\bcryptPrimitives.dll
0x00007ff823cb0000 - 0x00007ff823cdd000 	C:\WINDOWS\System32\IMM32.DLL
0x000000005e530000 - 0x000000005e602000 	C:\Program Files\Android\Android Studio1\jre\jre\bin\msvcr100.dll
0x000000005e610000 - 0x000000005ee4f000 	C:\Program Files\Android\Android Studio1\jre\jre\bin\server\jvm.dll
0x00007ff8247c0000 - 0x00007ff8247c8000 	C:\WINDOWS\System32\PSAPI.DLL
0x00007ff81bd50000 - 0x00007ff81bd5a000 	C:\WINDOWS\SYSTEM32\VERSION.dll
0x00007ff81f500000 - 0x00007ff81f523000 	C:\WINDOWS\SYSTEM32\WINMM.dll
0x00007ff81f4c0000 - 0x00007ff81f4ea000 	C:\WINDOWS\SYSTEM32\winmmbase.dll
0x00007ff8233b0000 - 0x00007ff8233f9000 	C:\WINDOWS\System32\cfgmgr32.dll
0x00007ff81df30000 - 0x00007ff81df39000 	C:\WINDOWS\SYSTEM32\WSOCK32.dll
0x00007ff825d50000 - 0x00007ff825dbc000 	C:\WINDOWS\System32\ws2_32.DLL
0x00007ff81b9a0000 - 0x00007ff81b9af000 	C:\Program Files\Android\Android Studio1\jre\jre\bin\verify.dll
0x00007ff8126c0000 - 0x00007ff8126e9000 	C:\Program Files\Android\Android Studio1\jre\jre\bin\java.dll
0x00007ff814970000 - 0x00007ff814986000 	C:\Program Files\Android\Android Studio1\jre\jre\bin\zip.dll
0x00007ff8247e0000 - 0x00007ff825c1f000 	C:\WINDOWS\System32\SHELL32.dll
0x00007ff823e90000 - 0x00007ff823f39000 	C:\WINDOWS\System32\shcore.dll
0x00007ff822910000 - 0x00007ff82301d000 	C:\WINDOWS\System32\windows.storage.dll
0x00007ff8240f0000 - 0x00007ff824141000 	C:\WINDOWS\System32\shlwapi.dll
0x00007ff8228b0000 - 0x00007ff8228c1000 	C:\WINDOWS\System32\kernel.appcore.dll
0x00007ff822890000 - 0x00007ff8228af000 	C:\WINDOWS\System32\profapi.dll
0x00007ff822840000 - 0x00007ff82288c000 	C:\WINDOWS\System32\powrprof.dll
0x00007ff822830000 - 0x00007ff82283a000 	C:\WINDOWS\System32\FLTLIB.DLL
0x00007ff814940000 - 0x00007ff81495a000 	C:\Program Files\Android\Android Studio1\jre\jre\bin\net.dll
0x00007ff822050000 - 0x00007ff8220b6000 	C:\WINDOWS\system32\mswsock.dll
0x00007ff813760000 - 0x00007ff813771000 	C:\Program Files\Android\Android Studio1\jre\jre\bin\nio.dll
0x00007ff81f5e0000 - 0x00007ff81f5fe000 	C:\Users\Anji\.gradle\native\25\windows-amd64\native-platform.dll
0x00007ff81b990000 - 0x00007ff81b99d000 	C:\Program Files\Android\Android Studio1\jre\jre\bin\management.dll
0x00007ff822210000 - 0x00007ff822227000 	C:\WINDOWS\SYSTEM32\CRYPTSP.dll
0x00007ff821c30000 - 0x00007ff821c63000 	C:\WINDOWS\system32\rsaenh.dll
0x00007ff822330000 - 0x00007ff822355000 	C:\WINDOWS\SYSTEM32\bcrypt.dll
0x00007ff822760000 - 0x00007ff822788000 	C:\WINDOWS\SYSTEM32\USERENV.dll
0x00007ff822200000 - 0x00007ff82220b000 	C:\WINDOWS\SYSTEM32\CRYPTBASE.dll
0x00007ff821dd0000 - 0x00007ff821e08000 	C:\WINDOWS\SYSTEM32\IPHLPAPI.DLL
0x00007ff8247d0000 - 0x00007ff8247d8000 	C:\WINDOWS\System32\NSI.dll
0x00007ff81cc10000 - 0x00007ff81cc26000 	C:\WINDOWS\SYSTEM32\dhcpcsvc6.DLL
0x00007ff81d180000 - 0x00007ff81d19a000 	C:\WINDOWS\SYSTEM32\dhcpcsvc.DLL

VM Arguments:
jvm_args: -Xmx1536m -Dfile.encoding=windows-1252 -Duser.country=US -Duser.language=en -Duser.variant 
java_command: org.gradle.launcher.daemon.bootstrap.GradleDaemon 4.4
java_class_path (initial): C:\Users\Anji\.gradle\wrapper\dists\gradle-4.4-all\9br9xq1tocpiv8o6njlyu5op1\gradle-4.4\lib\gradle-launcher-4.4.jar
Launcher Type: SUN_STANDARD

Environment Variables:
JAVA_HOME=C:\Program Files\Java
PATH=C:\Program Files (x86)\Common Files\Oracle\Java\javapath;C:\ProgramData\Oracle\Java\javapath;C:\WINDOWS\system32;C:\WINDOWS;C:\WINDOWS\System32\Wbem;C:\WINDOWS\System32\WindowsPowerShell\v1.0\;C:\Program Files\MySQL\MySQL Server 5.5\bin;C:\Program Files (x86)\Common Files\lenovo\easyplussdk\bin;G:\softwares\apache-maven-3.3.9-bin\apache-maven-3.3.9\bin;C:\Program Files\Git\cmd;C:\Program Files\Microsoft SQL Server\110\DTS\Binn\;C:\Program Files (x86)\Microsoft SQL Server\110\Tools\Binn\;C:\Program Files\Microsoft SQL Server\110\Tools\Binn\;C:\Program Files (x86)\Microsoft SQL Server\110\Tools\Binn\ManagementStudio\;C:\Program Files (x86)\Microsoft Visual Studio 10.0\Common7\IDE\PrivateAssemblies\;C:\Program Files (x86)\Microsoft SQL Server\110\DTS\Binn\;E:\hadoop-2.6.2\bin;E:\hadoop-2.6.2\sbin;E:\hadoop-2.6.2\share\hadoop\common\*;E:\hadoop-2.6.2\share\hadoop\hdfs;E:\hadoop-2.6.2\share\hadoop\hdfs\lib\*;E:\hadoop-2.6.2\share\hadoop\hdfs\*;E:\hadoop-2.6.2\share\hadoop\yarn\lib\*;E:\hadoop-2.6.2\share\hadoop\yarn;E:\hadoop-2.6.2\share\hadoop\mapreduce\lib\*;E:\hadoop-2.6.2\share\hadoop\mapreduce;E:\hadoop-2.6.2\share\hadoop\common\lib\*;C:\Program Files\Java\jdk1.8.0_91\bin;;C:\WINDOWS\System32\OpenSSH\;C:\Program Files\nodejs\;C:\Users\Anji\AppData\Local\Microsoft\WindowsApps;C:\Users\Anji\AppData\Roaming\npm;C:\Users\Anji\AppData\Local\Programs\Microsoft VS Code\bin
USERNAME=Anji
OS=Windows_NT
PROCESSOR_IDENTIFIER=Intel64 Family 6 Model 69 Stepping 1, GenuineIntel



---------------  S Y S T E M  ---------------

OS: Windows 10.0 , 64 bit Build 17134 (10.0.17134.1)

CPU:total 4 (initial active 4) (2 cores per cpu, 2 threads per core) family 6 model 69 stepping 1, cmov, cx8, fxsr, mmx, sse, sse2, sse3, ssse3, sse4.1, sse4.2, popcnt, avx, avx2, aes, clmul, erms, lzcnt, ht, tsc, tscinvbit, bmi1, bmi2

Memory: 4k page, physical 4088172k(116040k free), swap 5516652k(1128k free)

vm_info: OpenJDK 64-Bit Server VM (25.152-b02) for windows-amd64 JRE (1.8.0_152-release-1024-b02), built by "builder" with MS VC++ 10.0 (VS2010)

time: Sun Dec 09 17:46:17 2018
elapsed time: 4827 seconds (0d 1h 20m 27s)

