#
# There is insufficient memory for the Java Runtime Environment to continue.
# Native memory allocation (malloc) failed to allocate 65552 bytes for Chunk::new
# Possible reasons:
#   The system is out of physical RAM or swap space
#   In 32 bit mode, the process size limit was hit
# Possible solutions:
#   Reduce memory load on the system
#   Increase physical memory or swap space
#   Check if swap backing store is full
#   Use 64 bit Java on a 64 bit OS
#   Decrease Java heap size (-Xmx/-Xms)
#   Decrease number of Java threads
#   Decrease Java thread stack sizes (-Xss)
#   Set larger code cache with -XX:ReservedCodeCacheSize=
# This output file may be truncated or incomplete.
#
#  Out of Memory Error (allocation.cpp:390), pid=8828, tid=0x0000000000002128
#
# JRE version: OpenJDK Runtime Environment (8.0_152-b02) (build 1.8.0_152-release-1024-b02)
# Java VM: OpenJDK 64-Bit Server VM (25.152-b02 mixed mode windows-amd64 compressed oops)
# Failed to write core dump. Minidumps are not enabled by default on client versions of Windows
#

---------------  T H R E A D  ---------------

Current thread (0x00000000168fb000):  JavaThread "C2 CompilerThread0" daemon [_thread_in_native, id=8488, stack(0x0000000017f40000,0x0000000018040000)]

Stack: [0x0000000017f40000,0x0000000018040000]
[error occurred during error reporting (printing stack bounds), id 0xc0000005]

Native frames: (J=compiled Java code, j=interpreted, Vv=VM code, C=native code)


Current CompileTask:
C2:6161641 18624       4       com.android.tools.r8.ir.code.Phi::removeTrivialPhi (304 bytes)


---------------  P R O C E S S  ---------------

Java Threads: ( => current thread )
  0x000000001fdfb800 JavaThread "pool-12-thread-2" [_thread_in_Java, id=2896, stack(0x000000002ea50000,0x000000002eb50000)]
  0x000000001fdfe800 JavaThread "pool-12-thread-1" [_thread_in_Java, id=8508, stack(0x000000002e950000,0x000000002ea50000)]
  0x000000001fdfa800 JavaThread "pool-11-thread-2" [_thread_in_Java, id=252, stack(0x000000002e850000,0x000000002e950000)]
  0x000000001fdf7000 JavaThread "pool-11-thread-1" [_thread_in_Java, id=8028, stack(0x000000002e750000,0x000000002e850000)]
  0x000000001fdfd800 JavaThread "pool-10-thread-2" [_thread_in_Java, id=2068, stack(0x000000002e650000,0x000000002e750000)]
  0x000000001fdfa000 JavaThread "pool-10-thread-1" [_thread_in_Java, id=6684, stack(0x000000002e550000,0x000000002e650000)]
  0x0000000019f7c800 JavaThread "ForkJoinPool.commonPool-worker-1" daemon [_thread_blocked, id=4112, stack(0x000000002de50000,0x000000002df50000)]
  0x0000000019f7d000 JavaThread "ForkJoinPool.commonPool-worker-0" daemon [_thread_blocked, id=5588, stack(0x000000002dd50000,0x000000002de50000)]
  0x000000001b855000 JavaThread "ForkJoinPool.commonPool-worker-3" daemon [_thread_blocked, id=9072, stack(0x000000002dc50000,0x000000002dd50000)]
  0x000000001ceb3800 JavaThread "Cache worker for Java compile cache (E:\Android\Projects\part\.gradle\4.4\javaCompile)" [_thread_blocked, id=5704, stack(0x000000002db50000,0x000000002dc50000)]
  0x000000001ceb4800 JavaThread "Task worker for ':' Thread 3" [_thread_blocked, id=4992, stack(0x000000002cd50000,0x000000002ce50000)]
  0x000000001ceab800 JavaThread "Task worker for ':' Thread 2" [_thread_blocked, id=4296, stack(0x000000002cc50000,0x000000002cd50000)]
  0x000000001ceb2000 JavaThread "Task worker for ':'" [_thread_blocked, id=8532, stack(0x000000002cb50000,0x000000002cc50000)]
  0x000000001ceb0800 JavaThread "Cache worker for Build Output Cleanup Cache (E:\Android\Projects\part\.gradle\buildOutputCleanup)" [_thread_blocked, id=7128, stack(0x000000002ca50000,0x000000002cb50000)]
  0x000000001ceb0000 JavaThread "Cache worker for task history cache (E:\Android\Projects\part\.gradle\4.4\taskHistory)" [_thread_blocked, id=5004, stack(0x000000002c950000,0x000000002ca50000)]
  0x000000001ceaf000 JavaThread "Cache worker for file content cache (E:\Android\Projects\part\.gradle\4.4\fileContent)" [_thread_blocked, id=9016, stack(0x000000002c850000,0x000000002c950000)]
  0x000000001cea7800 JavaThread "build operations Thread 4" [_thread_blocked, id=6264, stack(0x000000002c750000,0x000000002c850000)]
  0x000000001ceaa800 JavaThread "build operations Thread 3" [_thread_blocked, id=6580, stack(0x000000002c650000,0x000000002c750000)]
  0x000000001cead000 JavaThread "build operations Thread 2" [_thread_blocked, id=8412, stack(0x000000002c550000,0x000000002c650000)]
  0x000000001cea9000 JavaThread "build operations" [_thread_blocked, id=2640, stack(0x000000002c450000,0x000000002c550000)]
  0x0000000019f86000 JavaThread "Cache worker for Artifact transforms cache (C:\Users\Anji\.gradle\caches\transforms-1)" [_thread_blocked, id=7916, stack(0x000000002c350000,0x000000002c450000)]
  0x0000000019f84000 JavaThread "Cache worker for file hash cache (E:\Android\Projects\part\.gradle\4.4\fileHashes)" [_thread_blocked, id=5508, stack(0x000000002c250000,0x000000002c350000)]
  0x0000000019f81800 JavaThread "Stdin handler" [_thread_blocked, id=8144, stack(0x000000002c150000,0x000000002c250000)]
  0x0000000019f7b800 JavaThread "Asynchronous log dispatcher for DefaultDaemonConnection: socket connection from /127.0.0.1:49833 to /127.0.0.1:50272" [_thread_blocked, id=6768, stack(0x000000002c050000,0x000000002c150000)]
  0x0000000019f81000 JavaThread "Cancel handler" [_thread_blocked, id=7496, stack(0x000000002bf50000,0x000000002c050000)]
  0x0000000019f7e800 JavaThread "Handler for socket connection from /127.0.0.1:49833 to /127.0.0.1:50272" [_thread_in_native, id=9128, stack(0x000000002be50000,0x000000002bf50000)]
  0x0000000019f83000 JavaThread "Java2D Disposer" daemon [_thread_blocked, id=9136, stack(0x000000002a050000,0x000000002a150000)]
  0x000000001cead800 JavaThread "Daemon worker Thread 3" [_thread_blocked, id=1496, stack(0x0000000027f50000,0x0000000028050000)]
  0x000000001ceae800 JavaThread "Daemon Thread 3" [_thread_blocked, id=4792, stack(0x0000000027c50000,0x0000000027d50000)]
  0x0000000019f7a000 JavaThread "Memory manager" [_thread_blocked, id=648, stack(0x0000000021750000,0x0000000021850000)]
  0x0000000019f77000 JavaThread "pool-1-thread-1" [_thread_blocked, id=8976, stack(0x0000000021250000,0x0000000021350000)]
  0x0000000019aea000 JavaThread "File lock request listener" [_thread_in_native, id=8660, stack(0x000000001c360000,0x000000001c460000)]
  0x0000000019c72800 JavaThread "Cache worker for file hash cache (C:\Users\Anji\.gradle\caches\4.4\fileHashes)" [_thread_blocked, id=8684, stack(0x000000001b290000,0x000000001b390000)]
  0x000000001972e800 JavaThread "Daemon periodic checks" [_thread_blocked, id=6468, stack(0x000000001a790000,0x000000001a890000)]
  0x00000000198e9000 JavaThread "Incoming local TCP Connector on port 49833" [_thread_in_native, id=8572, stack(0x000000001a550000,0x000000001a650000)]
  0x0000000018260800 JavaThread "Service Thread" daemon [_thread_blocked, id=8500, stack(0x0000000018640000,0x0000000018740000)]
  0x00000000168f6800 JavaThread "C1 CompilerThread2" daemon [_thread_blocked, id=8456, stack(0x0000000018140000,0x0000000018240000)]
  0x00000000168ed800 JavaThread "C2 CompilerThread1" daemon [_thread_in_native, id=8448, stack(0x0000000018040000,0x0000000018140000)]
=>0x00000000168fb000 JavaThread "C2 CompilerThread0" daemon [_thread_in_native, id=8488, stack(0x0000000017f40000,0x0000000018040000)]
  0x00000000168f9000 JavaThread "Attach Listener" daemon [_thread_blocked, id=8440, stack(0x0000000017e40000,0x0000000017f40000)]
  0x00000000168f7800 JavaThread "Signal Dispatcher" daemon [_thread_blocked, id=1040, stack(0x0000000017d40000,0x0000000017e40000)]
  0x00000000168de000 JavaThread "Finalizer" daemon [_thread_blocked, id=8812, stack(0x0000000017b50000,0x0000000017c50000)]
  0x0000000002f74000 JavaThread "Reference Handler" daemon [_thread_blocked, id=1720, stack(0x0000000017a50000,0x0000000017b50000)]
  0x0000000002c7e000 JavaThread "main" [_thread_blocked, id=8824, stack(0x0000000002d80000,0x0000000002e80000)]

Other Threads:
  0x00000000168b5000 VMThread [stack: 0x0000000017950000,0x0000000017a50000] [id=9184]
  0x0000000018263000 WatcherThread [stack: 0x0000000018740000,0x0000000018840000] [id=8432]

VM state:not at safepoint (normal execution)

VM Mutex/Monitor currently owned by a thread: None

Heap:
 PSYoungGen      total 187392K, used 77224K [0x00000000e0000000, 0x00000000ee080000, 0x0000000100000000)
  eden space 154112K, 34% used [0x00000000e0000000,0x00000000e348b618,0x00000000e9680000)
  from space 33280K, 70% used [0x00000000eaa80000,0x00000000ec15ea58,0x00000000ecb00000)
  to   space 22016K, 0% used [0x00000000ecb00000,0x00000000ecb00000,0x00000000ee080000)
 ParOldGen       total 105984K, used 63866K [0x00000000a0000000, 0x00000000a6780000, 0x00000000e0000000)
  object space 105984K, 60% used [0x00000000a0000000,0x00000000a3e5ea60,0x00000000a6780000)
 Metaspace       used 92094K, capacity 96834K, committed 97152K, reserved 1134592K
  class space    used 11711K, capacity 12819K, committed 12928K, reserved 1048576K

Card table byte_map: [0x0000000012340000,0x0000000012650000] byte_map_base: 0x0000000011e40000

Marking Bits: (ParMarkBitMap*) 0x0000000068874970
 Begin Bits: [0x0000000012c50000, 0x0000000014450000)
 End Bits:   [0x0000000014450000, 0x0000000015c50000)

Polling page: 0x0000000002b50000

CodeCache: size=245760Kb used=54400Kb max_used=54769Kb free=191359Kb
 bounds [0x0000000002f80000, 0x0000000006540000, 0x0000000011f80000]
 total_blobs=16726 nmethods=15741 adapters=894
 compilation: enabled

Compilation events (10 events):
Event: 6160.878 Thread 0x00000000168f6800 19294       2       com.android.tools.r8.ir.conversion.JarSourceCode::getMoveExceptionRegister (8 bytes)
Event: 6160.879 Thread 0x00000000168f6800 nmethod 19294 0x000000000653d090 code [0x000000000653d1e0, 0x000000000653d330]
Event: 6160.881 Thread 0x00000000168f6800 19295       2       com.android.tools.r8.ir.conversion.JarState::recordStateForExceptionalTarget (33 bytes)
Event: 6160.882 Thread 0x00000000168f6800 nmethod 19295 0x000000000653d3d0 code [0x000000000653d560, 0x000000000653d868]
Event: 6160.882 Thread 0x00000000168f6800 19296       2       com.android.tools.r8.ir.conversion.JarSourceCode::lambda$computeBlockEntryJarStates$1 (53 bytes)
Event: 6160.883 Thread 0x00000000168f6800 nmethod 19296 0x000000000653d9d0 code [0x000000000653db80, 0x000000000653dfe8]
Event: 6160.884 Thread 0x00000000168f6800 19297       2       java.util.ArrayDeque::doubleCapacity (108 bytes)
Event: 6160.884 Thread 0x00000000168f6800 nmethod 19297 0x000000000653e2d0 code [0x000000000653e460, 0x000000000653e8a8]
Event: 6160.891 Thread 0x00000000168f6800 19299       2       com.android.tools.r8.ir.conversion.DexBuilder$$Lambda$561/24848432::compare (12 bytes)
Event: 6160.892 Thread 0x00000000168f6800 nmethod 19299 0x000000000653ea50 code [0x000000000653ebc0, 0x000000000653edb0]

GC Heap History (10 events):
Event: 6124.282 GC heap before
{Heap before GC invocations=20 (full 3):
 PSYoungGen      total 189952K, used 189920K [0x00000000e0000000, 0x00000000f0180000, 0x0000000100000000)
  eden space 172032K, 100% used [0x00000000e0000000,0x00000000ea800000,0x00000000ea800000)
  from space 17920K, 99% used [0x00000000ef000000,0x00000000f0178198,0x00000000f0180000)
  to   space 32256K, 0% used [0x00000000ec280000,0x00000000ec280000,0x00000000ee200000)
 ParOldGen       total 105984K, used 44429K [0x00000000a0000000, 0x00000000a6780000, 0x00000000e0000000)
  object space 105984K, 41% used [0x00000000a0000000,0x00000000a2b636d8,0x00000000a6780000)
 Metaspace       used 76955K, capacity 80766K, committed 81024K, reserved 1120256K
  class space    used 9912K, capacity 10815K, committed 10880K, reserved 1048576K
Event: 6124.323 GC heap after
Heap after GC invocations=20 (full 3):
 PSYoungGen      total 184832K, used 18645K [0x00000000e0000000, 0x00000000ef080000, 0x0000000100000000)
  eden space 165888K, 0% used [0x00000000e0000000,0x00000000e0000000,0x00000000ea200000)
  from space 18944K, 98% used [0x00000000ec280000,0x00000000ed4b5670,0x00000000ed500000)
  to   space 28160K, 0% used [0x00000000ed500000,0x00000000ed500000,0x00000000ef080000)
 ParOldGen       total 105984K, used 44437K [0x00000000a0000000, 0x00000000a6780000, 0x00000000e0000000)
  object space 105984K, 41% used [0x00000000a0000000,0x00000000a2b656d8,0x00000000a6780000)
 Metaspace       used 76955K, capacity 80766K, committed 81024K, reserved 1120256K
  class space    used 9912K, capacity 10815K, committed 10880K, reserved 1048576K
}
Event: 6147.352 GC heap before
{Heap before GC invocations=21 (full 3):
 PSYoungGen      total 184832K, used 184533K [0x00000000e0000000, 0x00000000ef080000, 0x0000000100000000)
  eden space 165888K, 99% used [0x00000000e0000000,0x00000000ea1ffe80,0x00000000ea200000)
  from space 18944K, 98% used [0x00000000ec280000,0x00000000ed4b5670,0x00000000ed500000)
  to   space 28160K, 0% used [0x00000000ed500000,0x00000000ed500000,0x00000000ef080000)
 ParOldGen       total 105984K, used 44437K [0x00000000a0000000, 0x00000000a6780000, 0x00000000e0000000)
  object space 105984K, 41% used [0x00000000a0000000,0x00000000a2b656d8,0x00000000a6780000)
 Metaspace       used 82314K, capacity 86046K, committed 86272K, reserved 1124352K
  class space    used 10513K, capacity 11423K, committed 11520K, reserved 1048576K
Event: 6147.401 GC heap after
Heap after GC invocations=21 (full 3):
 PSYoungGen      total 182784K, used 22956K [0x00000000e0000000, 0x00000000eeb80000, 0x0000000100000000)
  eden space 159744K, 0% used [0x00000000e0000000,0x00000000e0000000,0x00000000e9c00000)
  from space 23040K, 99% used [0x00000000ed500000,0x00000000eeb6b290,0x00000000eeb80000)
  to   space 33280K, 0% used [0x00000000eaa80000,0x00000000eaa80000,0x00000000ecb00000)
 ParOldGen       total 105984K, used 44445K [0x00000000a0000000, 0x00000000a6780000, 0x00000000e0000000)
  object space 105984K, 41% used [0x00000000a0000000,0x00000000a2b676d8,0x00000000a6780000)
 Metaspace       used 82314K, capacity 86046K, committed 86272K, reserved 1124352K
  class space    used 10513K, capacity 11423K, committed 11520K, reserved 1048576K
}
Event: 6154.374 GC heap before
{Heap before GC invocations=22 (full 3):
 PSYoungGen      total 182784K, used 182700K [0x00000000e0000000, 0x00000000eeb80000, 0x0000000100000000)
  eden space 159744K, 100% used [0x00000000e0000000,0x00000000e9c00000,0x00000000e9c00000)
  from space 23040K, 99% used [0x00000000ed500000,0x00000000eeb6b290,0x00000000eeb80000)
  to   space 33280K, 0% used [0x00000000eaa80000,0x00000000eaa80000,0x00000000ecb00000)
 ParOldGen       total 105984K, used 44445K [0x00000000a0000000, 0x00000000a6780000, 0x00000000e0000000)
  object space 105984K, 41% used [0x00000000a0000000,0x00000000a2b676d8,0x00000000a6780000)
 Metaspace       used 83837K, capacity 87752K, committed 88064K, reserved 1126400K
  class space    used 10704K, capacity 11680K, committed 11776K, reserved 1048576K
Event: 6154.428 GC heap after
Heap after GC invocations=22 (full 3):
 PSYoungGen      total 187392K, used 33272K [0x00000000e0000000, 0x00000000ee080000, 0x0000000100000000)
  eden space 154112K, 0% used [0x00000000e0000000,0x00000000e0000000,0x00000000e9680000)
  from space 33280K, 99% used [0x00000000eaa80000,0x00000000ecafe128,0x00000000ecb00000)
  to   space 22016K, 0% used [0x00000000ecb00000,0x00000000ecb00000,0x00000000ee080000)
 ParOldGen       total 105984K, used 44453K [0x00000000a0000000, 0x00000000a6780000, 0x00000000e0000000)
  object space 105984K, 41% used [0x00000000a0000000,0x00000000a2b696d8,0x00000000a6780000)
 Metaspace       used 83837K, capacity 87752K, committed 88064K, reserved 1126400K
  class space    used 10704K, capacity 11680K, committed 11776K, reserved 1048576K
}
Event: 6158.258 GC heap before
{Heap before GC invocations=23 (full 3):
 PSYoungGen      total 187392K, used 187384K [0x00000000e0000000, 0x00000000ee080000, 0x0000000100000000)
  eden space 154112K, 100% used [0x00000000e0000000,0x00000000e9680000,0x00000000e9680000)
  from space 33280K, 99% used [0x00000000eaa80000,0x00000000ecafe128,0x00000000ecb00000)
  to   space 22016K, 0% used [0x00000000ecb00000,0x00000000ecb00000,0x00000000ee080000)
 ParOldGen       total 105984K, used 44453K [0x00000000a0000000, 0x00000000a6780000, 0x00000000e0000000)
  object space 105984K, 41% used [0x00000000a0000000,0x00000000a2b696d8,0x00000000a6780000)
 Metaspace       used 90977K, capacity 95400K, committed 95616K, reserved 1132544K
  class space    used 11589K, capacity 12642K, committed 12672K, reserved 1048576K
Event: 6158.378 GC heap after
Heap after GC invocations=23 (full 3):
 PSYoungGen      total 176128K, used 21989K [0x00000000e0000000, 0x00000000ee080000, 0x0000000100000000)
  eden space 154112K, 0% used [0x00000000e0000000,0x00000000e0000000,0x00000000e9680000)
  from space 22016K, 99% used [0x00000000ecb00000,0x00000000ee0797c8,0x00000000ee080000)
  to   space 33280K, 0% used [0x00000000eaa80000,0x00000000eaa80000,0x00000000ecb00000)
 ParOldGen       total 105984K, used 61970K [0x00000000a0000000, 0x00000000a6780000, 0x00000000e0000000)
  object space 105984K, 58% used [0x00000000a0000000,0x00000000a3c849f0,0x00000000a6780000)
 Metaspace       used 90977K, capacity 95400K, committed 95616K, reserved 1132544K
  class space    used 11589K, capacity 12642K, committed 12672K, reserved 1048576K
}
Event: 6160.691 GC heap before
{Heap before GC invocations=24 (full 3):
 PSYoungGen      total 176128K, used 176101K [0x00000000e0000000, 0x00000000ee080000, 0x0000000100000000)
  eden space 154112K, 100% used [0x00000000e0000000,0x00000000e9680000,0x00000000e9680000)
  from space 22016K, 99% used [0x00000000ecb00000,0x00000000ee0797c8,0x00000000ee080000)
  to   space 33280K, 0% used [0x00000000eaa80000,0x00000000eaa80000,0x00000000ecb00000)
 ParOldGen       total 105984K, used 61970K [0x00000000a0000000, 0x00000000a6780000, 0x00000000e0000000)
  object space 105984K, 58% used [0x00000000a0000000,0x00000000a3c849f0,0x00000000a6780000)
 Metaspace       used 92077K, capacity 96830K, committed 97152K, reserved 1134592K
  class space    used 11711K, capacity 12819K, committed 12928K, reserved 1048576K
Event: 6160.747 GC heap after
Heap after GC invocations=24 (full 3):
 PSYoungGen      total 187392K, used 23418K [0x00000000e0000000, 0x00000000ee080000, 0x0000000100000000)
  eden space 154112K, 0% used [0x00000000e0000000,0x00000000e0000000,0x00000000e9680000)
  from space 33280K, 70% used [0x00000000eaa80000,0x00000000ec15ea58,0x00000000ecb00000)
  to   space 22016K, 0% used [0x00000000ecb00000,0x00000000ecb00000,0x00000000ee080000)
 ParOldGen       total 105984K, used 63866K [0x00000000a0000000, 0x00000000a6780000, 0x00000000e0000000)
  object space 105984K, 60% used [0x00000000a0000000,0x00000000a3e5ea60,0x00000000a6780000)
 Metaspace       used 92077K, capacity 96830K, committed 97152K, reserved 1134592K
  class space    used 11711K, capacity 12819K, committed 12928K, reserved 1048576K
}

Deoptimization events (10 events):
Event: 6160.075 Thread 0x0000000019f7f800 Uncommon trap: reason=unstable_if action=reinterpret pc=0x0000000005f678d0 method=sun.util.calendar.CalendarDate.setMillis(I)Lsun/util/calendar/CalendarDate; @ 5
Event: 6160.249 Thread 0x0000000019f7d000 Uncommon trap: reason=class_check action=maybe_recompile pc=0x0000000005c896a0 method=com.android.apkzlib.zip.ZipField.checkVerifiesInvariants(J)V @ 25
Event: 6160.250 Thread 0x000000001b855000 Uncommon trap: reason=class_check action=maybe_recompile pc=0x0000000005c896a0 method=com.android.apkzlib.zip.ZipField.checkVerifiesInvariants(J)V @ 25
Event: 6160.301 Thread 0x0000000019f7c800 Uncommon trap: reason=class_check action=maybe_recompile pc=0x0000000005c896a0 method=com.android.apkzlib.zip.ZipField.checkVerifiesInvariants(J)V @ 25
Event: 6160.337 Thread 0x0000000019f7c800 Uncommon trap: reason=unstable_if action=reinterpret pc=0x000000000467706c method=sun.nio.fs.WindowsPathParser.isSlash(C)Z @ 9
Event: 6160.421 Thread 0x000000001fdfd800 Uncommon trap: reason=unstable_if action=reinterpret pc=0x00000000064a0ae4 method=com.android.tools.r8.ir.conversion.JarSourceCode.getTryHandlers(Lcom/android/tools/r8/org/objectweb/asm/tree/AbstractInsnNode;)Ljava/util/List; @ 111
Event: 6160.422 Thread 0x000000001fdfd800 Uncommon trap: reason=unstable_if action=reinterpret pc=0x000000000636c1b8 method=com.android.tools.r8.ir.conversion.JarState.getLocalsAt(I)Lcom/android/tools/r8/ir/conversion/JarState$LocalsAtOffset; @ 1
Event: 6160.422 Thread 0x000000001fdfd800 Uncommon trap: reason=unstable_if action=reinterpret pc=0x00000000062a2358 method=com.android.tools.r8.ir.conversion.JarSourceCode.getDebugPositionAtOffset(I)Lcom/android/tools/r8/ir/code/Position; @ 3
Event: 6160.483 Thread 0x000000001fdfe800 Uncommon trap: reason=unstable_if action=reinterpret pc=0x0000000005dc1f08 method=java.util.concurrent.ConcurrentHashMap.addCount(JI)V @ 34
Event: 6160.491 Thread 0x000000001fdfb800 Uncommon trap: reason=unstable_if action=reinterpret pc=0x000000000603a358 method=java.util.concurrent.ConcurrentHashMap.addCount(JI)V @ 34

Classes redefined (0 events):
No events

Internal exceptions (10 events):
Event: 6154.174 Thread 0x000000001ceab800 Exception <a 'sun/nio/fs/WindowsException'> (0x00000000e9554ff0) thrown at [D:\src\AOSP-openjdk-cygwin\jdk8u\hotspot\src\share\vm\prims\jni.cpp, line 709]
Event: 6154.197 Thread 0x000000001ceab800 Exception <a 'sun/nio/fs/WindowsException'> (0x00000000e967deb0) thrown at [D:\src\AOSP-openjdk-cygwin\jdk8u\hotspot\src\share\vm\prims\jni.cpp, line 709]
Event: 6154.197 Thread 0x000000001ceab800 Exception <a 'sun/nio/fs/WindowsException'> (0x00000000e967e9f0) thrown at [D:\src\AOSP-openjdk-cygwin\jdk8u\hotspot\src\share\vm\prims\jni.cpp, line 709]
Event: 6154.197 Thread 0x000000001ceab800 Exception <a 'sun/nio/fs/WindowsException'> (0x00000000e967ff40) thrown at [D:\src\AOSP-openjdk-cygwin\jdk8u\hotspot\src\share\vm\prims\jni.cpp, line 709]
Event: 6154.205 Thread 0x000000001ceab800 Exception <a 'sun/nio/fs/WindowsException'> (0x00000000e96ade38) thrown at [D:\src\AOSP-openjdk-cygwin\jdk8u\hotspot\src\share\vm\prims\jni.cpp, line 709]
Event: 6154.205 Thread 0x000000001ceab800 Exception <a 'sun/nio/fs/WindowsException'> (0x00000000e96ae978) thrown at [D:\src\AOSP-openjdk-cygwin\jdk8u\hotspot\src\share\vm\prims\jni.cpp, line 709]
Event: 6154.206 Thread 0x000000001ceab800 Exception <a 'sun/nio/fs/WindowsException'> (0x00000000e96afec8) thrown at [D:\src\AOSP-openjdk-cygwin\jdk8u\hotspot\src\share\vm\prims\jni.cpp, line 709]
Event: 6154.223 Thread 0x000000001ceab800 Exception <a 'sun/nio/fs/WindowsException'> (0x00000000e96dcf18) thrown at [D:\src\AOSP-openjdk-cygwin\jdk8u\hotspot\src\share\vm\prims\jni.cpp, line 709]
Event: 6154.224 Thread 0x000000001ceab800 Exception <a 'sun/nio/fs/WindowsException'> (0x00000000e96dda58) thrown at [D:\src\AOSP-openjdk-cygwin\jdk8u\hotspot\src\share\vm\prims\jni.cpp, line 709]
Event: 6154.224 Thread 0x000000001ceab800 Exception <a 'sun/nio/fs/WindowsException'> (0x00000000e96defa8) thrown at [D:\src\AOSP-openjdk-cygwin\jdk8u\hotspot\src\share\vm\prims\jni.cpp, line 709]

Events (10 events):
Event: 6160.747 Executing VM operation: RevokeBias
Event: 6160.748 Executing VM operation: RevokeBias done
Event: 6160.751 Thread 0x000000001fdf7000 DEOPT PACKING pc=0x000000000625ae58 sp=0x000000002e84ddb0
Event: 6160.751 Thread 0x000000001fdf7000 DEOPT UNPACKING pc=0x0000000002fc75d0 sp=0x000000002e84dac8 mode 0
Event: 6160.817 Executing VM operation: RevokeBias
Event: 6160.819 Executing VM operation: RevokeBias done
Event: 6160.876 Executing VM operation: RevokeBias
Event: 6160.877 Executing VM operation: RevokeBias done
Event: 6160.892 Executing VM operation: RevokeBias
Event: 6160.892 Executing VM operation: RevokeBias done


Dynamic libraries:
0x00007ff7450b0000 - 0x00007ff7450e1000 	C:\Program Files\Android\Android Studio1\jre\bin\java.exe
0x00007ffe4e5a0000 - 0x00007ffe4e781000 	C:\WINDOWS\SYSTEM32\ntdll.dll
0x00007ffe4ba40000 - 0x00007ffe4baf2000 	C:\WINDOWS\System32\KERNEL32.DLL
0x00007ffe4b420000 - 0x00007ffe4b693000 	C:\WINDOWS\System32\KERNELBASE.dll
0x00007ffe4bde0000 - 0x00007ffe4be81000 	C:\WINDOWS\System32\ADVAPI32.dll
0x00007ffe4c400000 - 0x00007ffe4c49e000 	C:\WINDOWS\System32\msvcrt.dll
0x00007ffe4c1c0000 - 0x00007ffe4c21b000 	C:\WINDOWS\System32\sechost.dll
0x00007ffe4c5c0000 - 0x00007ffe4c6e4000 	C:\WINDOWS\System32\RPCRT4.dll
0x00007ffe4bbf0000 - 0x00007ffe4bd80000 	C:\WINDOWS\System32\USER32.dll
0x00007ffe4aaf0000 - 0x00007ffe4ab10000 	C:\WINDOWS\System32\win32u.dll
0x00007ffe4ccd0000 - 0x00007ffe4ccf8000 	C:\WINDOWS\System32\GDI32.dll
0x00007ffe4ab10000 - 0x00007ffe4aca2000 	C:\WINDOWS\System32\gdi32full.dll
0x00007ffe4b990000 - 0x00007ffe4ba2f000 	C:\WINDOWS\System32\msvcp_win.dll
0x00007ffe4a970000 - 0x00007ffe4aa6a000 	C:\WINDOWS\System32\ucrtbase.dll
0x00007ffe3d930000 - 0x00007ffe3db99000 	C:\WINDOWS\WinSxS\amd64_microsoft.windows.common-controls_6595b64144ccf1df_6.0.17134.228_none_fb4599993062b194\COMCTL32.dll
0x00007ffe4be90000 - 0x00007ffe4c1b3000 	C:\WINDOWS\System32\combase.dll
0x00007ffe4aa70000 - 0x00007ffe4aaea000 	C:\WINDOWS\System32\bcryptPrimitives.dll
0x00007ffe4c6f0000 - 0x00007ffe4c71d000 	C:\WINDOWS\System32\IMM32.DLL
0x00000000690e0000 - 0x00000000691b2000 	C:\Program Files\Android\Android Studio1\jre\jre\bin\msvcr100.dll
0x00000000680b0000 - 0x00000000688ef000 	C:\Program Files\Android\Android Studio1\jre\jre\bin\server\jvm.dll
0x00007ffe4ba30000 - 0x00007ffe4ba38000 	C:\WINDOWS\System32\PSAPI.DLL
0x00007ffe39de0000 - 0x00007ffe39de9000 	C:\WINDOWS\SYSTEM32\WSOCK32.dll
0x00007ffe47500000 - 0x00007ffe47523000 	C:\WINDOWS\SYSTEM32\WINMM.dll
0x00007ffe3e1c0000 - 0x00007ffe3e1ca000 	C:\WINDOWS\SYSTEM32\VERSION.dll
0x00007ffe4cb70000 - 0x00007ffe4cbdc000 	C:\WINDOWS\System32\WS2_32.dll
0x00007ffe474d0000 - 0x00007ffe474fa000 	C:\WINDOWS\SYSTEM32\winmmbase.dll
0x00007ffe4b940000 - 0x00007ffe4b989000 	C:\WINDOWS\System32\cfgmgr32.dll
0x00007ffe38d20000 - 0x00007ffe38d2f000 	C:\Program Files\Android\Android Studio1\jre\jre\bin\verify.dll
0x00007ffe36680000 - 0x00007ffe366a9000 	C:\Program Files\Android\Android Studio1\jre\jre\bin\java.dll
0x00007ffe36b00000 - 0x00007ffe36b16000 	C:\Program Files\Android\Android Studio1\jre\jre\bin\zip.dll
0x00007ffe4d000000 - 0x00007ffe4e440000 	C:\WINDOWS\System32\SHELL32.dll
0x00007ffe4e4c0000 - 0x00007ffe4e569000 	C:\WINDOWS\System32\shcore.dll
0x00007ffe4ad10000 - 0x00007ffe4b41d000 	C:\WINDOWS\System32\windows.storage.dll
0x00007ffe4c220000 - 0x00007ffe4c271000 	C:\WINDOWS\System32\shlwapi.dll
0x00007ffe4a910000 - 0x00007ffe4a921000 	C:\WINDOWS\System32\kernel.appcore.dll
0x00007ffe4a950000 - 0x00007ffe4a96f000 	C:\WINDOWS\System32\profapi.dll
0x00007ffe4a8c0000 - 0x00007ffe4a90c000 	C:\WINDOWS\System32\powrprof.dll
0x00007ffe4a8b0000 - 0x00007ffe4a8ba000 	C:\WINDOWS\System32\FLTLIB.DLL
0x00007ffe2dd20000 - 0x00007ffe2dd3a000 	C:\Program Files\Android\Android Studio1\jre\jre\bin\net.dll
0x00007ffe4a130000 - 0x00007ffe4a196000 	C:\WINDOWS\system32\mswsock.dll
0x00007ffe27820000 - 0x00007ffe27831000 	C:\Program Files\Android\Android Studio1\jre\jre\bin\nio.dll
0x00007ffe38ee0000 - 0x00007ffe38efe000 	C:\Users\Anji\.gradle\native\25\windows-amd64\native-platform.dll
0x00007ffe38d10000 - 0x00007ffe38d1d000 	C:\Program Files\Android\Android Studio1\jre\jre\bin\management.dll
0x00007ffe4a2e0000 - 0x00007ffe4a2f7000 	C:\WINDOWS\SYSTEM32\CRYPTSP.dll
0x00007ffe49d10000 - 0x00007ffe49d43000 	C:\WINDOWS\system32\rsaenh.dll
0x00007ffe4a410000 - 0x00007ffe4a435000 	C:\WINDOWS\SYSTEM32\bcrypt.dll
0x00007ffe4a7e0000 - 0x00007ffe4a808000 	C:\WINDOWS\SYSTEM32\USERENV.dll
0x00007ffe4a300000 - 0x00007ffe4a30b000 	C:\WINDOWS\SYSTEM32\CRYPTBASE.dll
0x00007ffe49eb0000 - 0x00007ffe49ee8000 	C:\WINDOWS\SYSTEM32\IPHLPAPI.DLL
0x00007ffe4e440000 - 0x00007ffe4e448000 	C:\WINDOWS\System32\NSI.dll
0x00007ffe3f5d0000 - 0x00007ffe3f5e6000 	C:\WINDOWS\SYSTEM32\dhcpcsvc6.DLL
0x00007ffe401e0000 - 0x00007ffe401fa000 	C:\WINDOWS\SYSTEM32\dhcpcsvc.DLL
0x00007ffe3dfe0000 - 0x00007ffe3e004000 	C:\Program Files\Android\Android Studio1\jre\jre\bin\sunec.dll
0x00007ffe49ef0000 - 0x00007ffe49fae000 	C:\WINDOWS\SYSTEM32\DNSAPI.dll
0x00007ffe3f2d0000 - 0x00007ffe3f2da000 	C:\Windows\System32\rasadhlp.dll
0x00007ffe3fb30000 - 0x00007ffe3fba2000 	C:\WINDOWS\System32\fwpuclnt.dll
0x00007ffe3dfb0000 - 0x00007ffe3dfbb000 	C:\Program Files\Android\Android Studio1\jre\jre\bin\sunmscapi.dll
0x00007ffe4b6a0000 - 0x00007ffe4b882000 	C:\WINDOWS\System32\CRYPT32.dll
0x00007ffe4a930000 - 0x00007ffe4a942000 	C:\WINDOWS\System32\MSASN1.dll
0x00007ffe27ac0000 - 0x00007ffe27c56000 	C:\Program Files\Android\Android Studio1\jre\jre\bin\awt.dll
0x00007ffe4cbe0000 - 0x00007ffe4cca2000 	C:\WINDOWS\System32\OLEAUT32.dll
0x00007ffe47f60000 - 0x00007ffe48527000 	C:\WINDOWS\SYSTEM32\d2d1.dll
0x00007ffe48c10000 - 0x00007ffe48c9b000 	C:\WINDOWS\SYSTEM32\apphelp.dll
0x00007ffe49020000 - 0x00007ffe49049000 	C:\WINDOWS\system32\DWMAPI.DLL
0x00007ffe48d40000 - 0x00007ffe48dd8000 	C:\WINDOWS\system32\uxtheme.dll

VM Arguments:
jvm_args: -Xmx1536m -Dfile.encoding=windows-1252 -Duser.country=US -Duser.language=en -Duser.variant 
java_command: org.gradle.launcher.daemon.bootstrap.GradleDaemon 4.4
java_class_path (initial): C:\Users\Anji\.gradle\wrapper\dists\gradle-4.4-all\9br9xq1tocpiv8o6njlyu5op1\gradle-4.4\lib\gradle-launcher-4.4.jar
Launcher Type: SUN_STANDARD

Environment Variables:
JAVA_HOME=C:\Program Files\Java
PATH=C:\Program Files (x86)\Common Files\Oracle\Java\javapath;C:\ProgramData\Oracle\Java\javapath;C:\WINDOWS\system32;C:\WINDOWS;C:\WINDOWS\System32\Wbem;C:\WINDOWS\System32\WindowsPowerShell\v1.0\;C:\Program Files\MySQL\MySQL Server 5.5\bin;C:\Program Files (x86)\Common Files\lenovo\easyplussdk\bin;G:\softwares\apache-maven-3.3.9-bin\apache-maven-3.3.9\bin;C:\Program Files\Git\cmd;C:\Program Files\Microsoft SQL Server\110\DTS\Binn\;C:\Program Files (x86)\Microsoft SQL Server\110\Tools\Binn\;C:\Program Files\Microsoft SQL Server\110\Tools\Binn\;C:\Program Files (x86)\Microsoft SQL Server\110\Tools\Binn\ManagementStudio\;C:\Program Files (x86)\Microsoft Visual Studio 10.0\Common7\IDE\PrivateAssemblies\;C:\Program Files (x86)\Microsoft SQL Server\110\DTS\Binn\;E:\hadoop-2.6.2\bin;E:\hadoop-2.6.2\sbin;E:\hadoop-2.6.2\share\hadoop\common\*;E:\hadoop-2.6.2\share\hadoop\hdfs;E:\hadoop-2.6.2\share\hadoop\hdfs\lib\*;E:\hadoop-2.6.2\share\hadoop\hdfs\*;E:\hadoop-2.6.2\share\hadoop\yarn\lib\*;E:\hadoop-2.6.2\share\hadoop\yarn;E:\hadoop-2.6.2\share\hadoop\mapreduce\lib\*;E:\hadoop-2.6.2\share\hadoop\mapreduce;E:\hadoop-2.6.2\share\hadoop\common\lib\*;C:\Program Files\Java\jdk1.8.0_91\bin;;C:\WINDOWS\System32\OpenSSH\;C:\Users\Anji\AppData\Local\Microsoft\WindowsApps;
USERNAME=Anji
OS=Windows_NT
PROCESSOR_IDENTIFIER=Intel64 Family 6 Model 69 Stepping 1, GenuineIntel



---------------  S Y S T E M  ---------------

OS: Windows 10.0 , 64 bit Build 17134 (10.0.17134.1)

CPU:total 4 (initial active 4) (2 cores per cpu, 2 threads per core) family 6 model 69 stepping 1, cmov, cx8, fxsr, mmx, sse, sse2, sse3, ssse3, sse4.1, sse4.2, popcnt, avx, avx2, aes, clmul, erms, lzcnt, ht, tsc, tscinvbit, bmi1, bmi2

Memory: 4k page, physical 4088172k(414024k free), swap 4088172k(8780k free)

vm_info: OpenJDK 64-Bit Server VM (25.152-b02) for windows-amd64 JRE (1.8.0_152-release-1024-b02), built by "builder" with MS VC++ 10.0 (VS2010)

time: Tue Aug 28 00:22:37 2018
elapsed time: 6161 seconds (0d 1h 42m 41s)

