#
# There is insufficient memory for the Java Runtime Environment to continue.
# Native memory allocation (malloc) failed to allocate 1477776 bytes for Chunk::new
# Possible reasons:
#   The system is out of physical RAM or swap space
#   In 32 bit mode, the process size limit was hit
# Possible solutions:
#   Reduce memory load on the system
#   Increase physical memory or swap space
#   Check if swap backing store is full
#   Use 64 bit Java on a 64 bit OS
#   Decrease Java heap size (-Xmx/-Xms)
#   Decrease number of Java threads
#   Decrease Java thread stack sizes (-Xss)
#   Set larger code cache with -XX:ReservedCodeCacheSize=
# This output file may be truncated or incomplete.
#
#  Out of Memory Error (allocation.cpp:390), pid=5740, tid=0x0000000000000a74
#
# JRE version: OpenJDK Runtime Environment (8.0_152-b02) (build 1.8.0_152-release-1024-b02)
# Java VM: OpenJDK 64-Bit Server VM (25.152-b02 mixed mode windows-amd64 compressed oops)
# Failed to write core dump. Minidumps are not enabled by default on client versions of Windows
#

---------------  T H R E A D  ---------------

Current thread (0x000000001677b800):  JavaThread "C2 CompilerThread1" daemon [_thread_in_native, id=2676, stack(0x0000000017ed0000,0x0000000017fd0000)]

Stack: [0x0000000017ed0000,0x0000000017fd0000]
[error occurred during error reporting (printing stack bounds), id 0xc0000005]

Native frames: (J=compiled Java code, j=interpreted, Vv=VM code, C=native code)


Current CompileTask:
C2:  59752 12461       4       com.android.tools.r8.dex.FileWriter::writeCodeItem (502 bytes)


---------------  P R O C E S S  ---------------

Java Threads: ( => current thread )
  0x000000001824e800 JavaThread "ForkJoinPool.commonPool-worker-3" daemon [_thread_blocked, id=8920, stack(0x0000000022660000,0x0000000022760000)]
  0x0000000018247000 JavaThread "ForkJoinPool.commonPool-worker-2" daemon [_thread_blocked, id=5592, stack(0x0000000022560000,0x0000000022660000)]
  0x000000001824d000 JavaThread "Task worker for ':' Thread 3" [_thread_blocked, id=8072, stack(0x0000000022160000,0x0000000022260000)]
  0x000000001824b800 JavaThread "Task worker for ':' Thread 2" [_thread_blocked, id=4180, stack(0x0000000022060000,0x0000000022160000)]
  0x000000001824a000 JavaThread "Task worker for ':'" [_thread_in_native, id=6476, stack(0x0000000021f60000,0x0000000022060000)]
  0x0000000018248800 JavaThread "Cache worker for Build Output Cleanup Cache (E:\Android\Projects\part\.gradle\buildOutputCleanup)" [_thread_blocked, id=7104, stack(0x0000000021e60000,0x0000000021f60000)]
  0x000000001824c800 JavaThread "Cache worker for task history cache (E:\Android\Projects\part\.gradle\4.4\taskHistory)" [_thread_blocked, id=8560, stack(0x0000000021d60000,0x0000000021e60000)]
  0x0000000018245800 JavaThread "Cache worker for file content cache (E:\Android\Projects\part\.gradle\4.4\fileContent)" [_thread_blocked, id=4288, stack(0x0000000021a40000,0x0000000021b40000)]
  0x0000000018246800 JavaThread "Memory manager" [_thread_blocked, id=8424, stack(0x0000000020d10000,0x0000000020e10000)]
  0x000000001ca51000 JavaThread "pool-1-thread-1" [_thread_blocked, id=2696, stack(0x0000000020a10000,0x0000000020b10000)]
  0x000000001ca54000 JavaThread "build operations Thread 4" [_thread_blocked, id=9084, stack(0x0000000020510000,0x0000000020610000)]
  0x000000001ca50800 JavaThread "build operations Thread 3" [_thread_in_native, id=4732, stack(0x0000000020410000,0x0000000020510000)]
  0x000000001ca4f800 JavaThread "build operations Thread 2" [_thread_blocked, id=8612, stack(0x0000000020310000,0x0000000020410000)]
  0x000000001ca55000 JavaThread "build operations" [_thread_in_native, id=2160, stack(0x000000001ff00000,0x0000000020000000)]
  0x000000001ca4f000 JavaThread "Cache worker for Artifact transforms cache (C:\Users\Anji\.gradle\caches\transforms-1)" [_thread_blocked, id=2716, stack(0x000000001fa00000,0x000000001fb00000)]
  0x00000000188ec000 JavaThread "Cache worker for file hash cache (E:\Android\Projects\part\.gradle\4.4\fileHashes)" [_thread_blocked, id=2100, stack(0x000000001c2f0000,0x000000001c3f0000)]
  0x00000000182f9000 JavaThread "File lock request listener" [_thread_in_native, id=5092, stack(0x000000001b220000,0x000000001b320000)]
  0x00000000199a1800 JavaThread "Cache worker for file hash cache (C:\Users\Anji\.gradle\caches\4.4\fileHashes)" [_thread_blocked, id=3240, stack(0x000000001b120000,0x000000001b220000)]
  0x00000000181f8800 JavaThread "Stdin handler" [_thread_blocked, id=7788, stack(0x000000001ae20000,0x000000001af20000)]
  0x000000001951b000 JavaThread "Asynchronous log dispatcher for DefaultDaemonConnection: socket connection from /127.0.0.1:50281 to /127.0.0.1:50282" [_thread_blocked, id=3216, stack(0x000000001ad20000,0x000000001ae20000)]
  0x0000000019519000 JavaThread "Daemon worker" [_thread_blocked, id=1556, stack(0x000000001ac20000,0x000000001ad20000)]
  0x000000001821d000 JavaThread "Cancel handler" [_thread_blocked, id=1320, stack(0x000000001ab20000,0x000000001ac20000)]
  0x0000000018ceb000 JavaThread "Handler for socket connection from /127.0.0.1:50281 to /127.0.0.1:50282" [_thread_in_native, id=2768, stack(0x000000001a820000,0x000000001a920000)]
  0x0000000018cea800 JavaThread "Daemon" [_thread_blocked, id=8624, stack(0x000000001a720000,0x000000001a820000)]
  0x0000000018956000 JavaThread "Daemon periodic checks" [_thread_blocked, id=4968, stack(0x000000001a620000,0x000000001a720000)]
  0x0000000018a3d800 JavaThread "Incoming local TCP Connector on port 50281" [_thread_in_native, id=8864, stack(0x000000001a3e0000,0x000000001a4e0000)]
  0x00000000180f0800 JavaThread "Service Thread" daemon [_thread_blocked, id=9164, stack(0x00000000184d0000,0x00000000185d0000)]
  0x00000000167ad800 JavaThread "C1 CompilerThread2" daemon [_thread_blocked, id=1268, stack(0x0000000017fd0000,0x00000000180d0000)]
=>0x000000001677b800 JavaThread "C2 CompilerThread1" daemon [_thread_in_native, id=2676, stack(0x0000000017ed0000,0x0000000017fd0000)]
  0x0000000016778800 JavaThread "C2 CompilerThread0" daemon [_thread_blocked, id=9024, stack(0x0000000017dd0000,0x0000000017ed0000)]
  0x0000000016786800 JavaThread "Attach Listener" daemon [_thread_blocked, id=3248, stack(0x0000000017cd0000,0x0000000017dd0000)]
  0x0000000016785000 JavaThread "Signal Dispatcher" daemon [_thread_blocked, id=6972, stack(0x0000000017bd0000,0x0000000017cd0000)]
  0x0000000002e0c800 JavaThread "Finalizer" daemon [_thread_blocked, id=8916, stack(0x00000000179e0000,0x0000000017ae0000)]
  0x0000000002e01800 JavaThread "Reference Handler" daemon [_thread_blocked, id=8168, stack(0x00000000178e0000,0x00000000179e0000)]
  0x0000000000f9e000 JavaThread "main" [_thread_blocked, id=320, stack(0x0000000002c10000,0x0000000002d10000)]

Other Threads:
  0x0000000016745000 VMThread [stack: 0x00000000177e0000,0x00000000178e0000] [id=4896]
  0x00000000167de000 WatcherThread [stack: 0x00000000185d0000,0x00000000186d0000] [id=7036]

VM state:not at safepoint (normal execution)

VM Mutex/Monitor currently owned by a thread: None

Heap:
 PSYoungGen      total 260608K, used 245455K [0x00000000e0000000, 0x00000000f2400000, 0x0000000100000000)
  eden space 250880K, 93% used [0x00000000e0000000,0x00000000ee63bb50,0x00000000ef500000)
  from space 9728K, 99% used [0x00000000ef500000,0x00000000efe78388,0x00000000efe80000)
  to   space 13312K, 0% used [0x00000000f1700000,0x00000000f1700000,0x00000000f2400000)
 ParOldGen       total 88576K, used 70677K [0x00000000a0000000, 0x00000000a5680000, 0x00000000e0000000)
  object space 88576K, 79% used [0x00000000a0000000,0x00000000a4505448,0x00000000a5680000)
 Metaspace       used 64791K, capacity 67204K, committed 67288K, reserved 1107968K
  class space    used 8618K, capacity 9151K, committed 9216K, reserved 1048576K

Card table byte_map: [0x00000000121d0000,0x00000000124e0000] byte_map_base: 0x0000000011cd0000

Marking Bits: (ParMarkBitMap*) 0x0000000068874970
 Begin Bits: [0x0000000012ae0000, 0x00000000142e0000)
 End Bits:   [0x00000000142e0000, 0x0000000015ae0000)

Polling page: 0x0000000000f50000

CodeCache: size=245760Kb used=33130Kb max_used=33463Kb free=212629Kb
 bounds [0x0000000002e10000, 0x0000000004ef0000, 0x0000000011e10000]
 total_blobs=11707 nmethods=10913 adapters=704
 compilation: enabled

Compilation events (10 events):
Event: 59.675 Thread 0x00000000167ad800 nmethod 12507 0x0000000004edb7d0 code [0x0000000004edb920, 0x0000000004edbb30]
Event: 59.676 Thread 0x00000000167ad800 12509       3       org.gradle.cache.internal.btree.FileBackedBlockStore::flush (1 bytes)
Event: 59.676 Thread 0x00000000167ad800 nmethod 12509 0x0000000004555a90 code [0x0000000004555be0, 0x0000000004555d30]
Event: 59.681 Thread 0x00000000167ad800 12510       3       org.gradle.api.internal.artifacts.configurations.DefaultConfiguration::access$1400 (5 bytes)
Event: 59.681 Thread 0x00000000167ad800 nmethod 12510 0x0000000004edb450 code [0x0000000004edb5c0, 0x0000000004edb728]
Event: 59.684 Thread 0x00000000167ad800 12511       3       java.util.AbstractCollection::remove (67 bytes)
Event: 59.685 Thread 0x00000000167ad800 nmethod 12511 0x0000000004557d90 code [0x0000000004557f80, 0x00000000045588b8]
Event: 59.689 Thread 0x0000000016778800 nmethod 12504% 0x0000000004195710 code [0x00000000041958a0, 0x0000000004195fd8]
Event: 59.691 Thread 0x00000000167ad800 12512       3       org.gradle.api.internal.file.collections.DefaultConfigurableFileCollection::visitContents (23 bytes)
Event: 59.691 Thread 0x00000000167ad800 nmethod 12512 0x0000000004557810 code [0x0000000004557980, 0x0000000004557c78]

GC Heap History (10 events):
Event: 47.233 GC heap before
{Heap before GC invocations=40 (full 3):
 PSYoungGen      total 211456K, used 207351K [0x00000000e0000000, 0x00000000ed800000, 0x0000000100000000)
  eden space 203776K, 100% used [0x00000000e0000000,0x00000000ec700000,0x00000000ec700000)
  from space 7680K, 46% used [0x00000000ed080000,0x00000000ed3fdc38,0x00000000ed800000)
  to   space 8704K, 0% used [0x00000000ec700000,0x00000000ec700000,0x00000000ecf80000)
 ParOldGen       total 88576K, used 63652K [0x00000000a0000000, 0x00000000a5680000, 0x00000000e0000000)
  object space 88576K, 71% used [0x00000000a0000000,0x00000000a3e29080,0x00000000a5680000)
 Metaspace       used 63611K, capacity 65904K, committed 66136K, reserved 1105920K
  class space    used 8506K, capacity 9007K, committed 9088K, reserved 1048576K
Event: 47.246 GC heap after
Heap after GC invocations=40 (full 3):
 PSYoungGen      total 212480K, used 2562K [0x00000000e0000000, 0x00000000ef080000, 0x0000000100000000)
  eden space 203776K, 0% used [0x00000000e0000000,0x00000000e0000000,0x00000000ec700000)
  from space 8704K, 29% used [0x00000000ec700000,0x00000000ec980940,0x00000000ecf80000)
  to   space 8704K, 0% used [0x00000000ee800000,0x00000000ee800000,0x00000000ef080000)
 ParOldGen       total 88576K, used 64651K [0x00000000a0000000, 0x00000000a5680000, 0x00000000e0000000)
  object space 88576K, 72% used [0x00000000a0000000,0x00000000a3f22c70,0x00000000a5680000)
 Metaspace       used 63611K, capacity 65904K, committed 66136K, reserved 1105920K
  class space    used 8506K, capacity 9007K, committed 9088K, reserved 1048576K
}
Event: 48.291 GC heap before
{Heap before GC invocations=41 (full 3):
 PSYoungGen      total 212480K, used 206338K [0x00000000e0000000, 0x00000000ef080000, 0x0000000100000000)
  eden space 203776K, 100% used [0x00000000e0000000,0x00000000ec700000,0x00000000ec700000)
  from space 8704K, 29% used [0x00000000ec700000,0x00000000ec980940,0x00000000ecf80000)
  to   space 8704K, 0% used [0x00000000ee800000,0x00000000ee800000,0x00000000ef080000)
 ParOldGen       total 88576K, used 64651K [0x00000000a0000000, 0x00000000a5680000, 0x00000000e0000000)
  object space 88576K, 72% used [0x00000000a0000000,0x00000000a3f22c70,0x00000000a5680000)
 Metaspace       used 63625K, capacity 65904K, committed 66136K, reserved 1105920K
  class space    used 8506K, capacity 9007K, committed 9088K, reserved 1048576K
Event: 48.299 GC heap after
Heap after GC invocations=41 (full 3):
 PSYoungGen      total 233472K, used 917K [0x00000000e0000000, 0x00000000eee80000, 0x0000000100000000)
  eden space 226816K, 0% used [0x00000000e0000000,0x00000000e0000000,0x00000000edd80000)
  from space 6656K, 13% used [0x00000000ee800000,0x00000000ee8e5600,0x00000000eee80000)
  to   space 8704K, 0% used [0x00000000edd80000,0x00000000edd80000,0x00000000ee600000)
 ParOldGen       total 88576K, used 64978K [0x00000000a0000000, 0x00000000a5680000, 0x00000000e0000000)
  object space 88576K, 73% used [0x00000000a0000000,0x00000000a3f74860,0x00000000a5680000)
 Metaspace       used 63625K, capacity 65904K, committed 66136K, reserved 1105920K
  class space    used 8506K, capacity 9007K, committed 9088K, reserved 1048576K
}
Event: 49.409 GC heap before
{Heap before GC invocations=42 (full 3):
 PSYoungGen      total 233472K, used 227733K [0x00000000e0000000, 0x00000000eee80000, 0x0000000100000000)
  eden space 226816K, 100% used [0x00000000e0000000,0x00000000edd80000,0x00000000edd80000)
  from space 6656K, 13% used [0x00000000ee800000,0x00000000ee8e5600,0x00000000eee80000)
  to   space 8704K, 0% used [0x00000000edd80000,0x00000000edd80000,0x00000000ee600000)
 ParOldGen       total 88576K, used 64978K [0x00000000a0000000, 0x00000000a5680000, 0x00000000e0000000)
  object space 88576K, 73% used [0x00000000a0000000,0x00000000a3f74860,0x00000000a5680000)
 Metaspace       used 63655K, capacity 65968K, committed 66136K, reserved 1105920K
  class space    used 8506K, capacity 9007K, committed 9088K, reserved 1048576K
Event: 49.431 GC heap after
Heap after GC invocations=42 (full 3):
 PSYoungGen      total 235520K, used 8101K [0x00000000e0000000, 0x00000000f0b80000, 0x0000000100000000)
  eden space 226816K, 0% used [0x00000000e0000000,0x00000000e0000000,0x00000000edd80000)
  from space 8704K, 93% used [0x00000000edd80000,0x00000000ee569618,0x00000000ee600000)
  to   space 10240K, 0% used [0x00000000f0180000,0x00000000f0180000,0x00000000f0b80000)
 ParOldGen       total 88576K, used 64986K [0x00000000a0000000, 0x00000000a5680000, 0x00000000e0000000)
  object space 88576K, 73% used [0x00000000a0000000,0x00000000a3f76860,0x00000000a5680000)
 Metaspace       used 63655K, capacity 65968K, committed 66136K, reserved 1105920K
  class space    used 8506K, capacity 9007K, committed 9088K, reserved 1048576K
}
Event: 50.757 GC heap before
{Heap before GC invocations=43 (full 3):
 PSYoungGen      total 235520K, used 234917K [0x00000000e0000000, 0x00000000f0b80000, 0x0000000100000000)
  eden space 226816K, 100% used [0x00000000e0000000,0x00000000edd80000,0x00000000edd80000)
  from space 8704K, 93% used [0x00000000edd80000,0x00000000ee569618,0x00000000ee600000)
  to   space 10240K, 0% used [0x00000000f0180000,0x00000000f0180000,0x00000000f0b80000)
 ParOldGen       total 88576K, used 64986K [0x00000000a0000000, 0x00000000a5680000, 0x00000000e0000000)
  object space 88576K, 73% used [0x00000000a0000000,0x00000000a3f76860,0x00000000a5680000)
 Metaspace       used 63687K, capacity 66046K, committed 66136K, reserved 1105920K
  class space    used 8508K, capacity 9010K, committed 9088K, reserved 1048576K
Event: 50.765 GC heap after
Heap after GC invocations=43 (full 3):
 PSYoungGen      total 257536K, used 2500K [0x00000000e0000000, 0x00000000f0800000, 0x0000000100000000)
  eden space 250880K, 0% used [0x00000000e0000000,0x00000000e0000000,0x00000000ef500000)
  from space 6656K, 37% used [0x00000000f0180000,0x00000000f03f1190,0x00000000f0800000)
  to   space 9728K, 0% used [0x00000000ef500000,0x00000000ef500000,0x00000000efe80000)
 ParOldGen       total 88576K, used 64986K [0x00000000a0000000, 0x00000000a5680000, 0x00000000e0000000)
  object space 88576K, 73% used [0x00000000a0000000,0x00000000a3f76860,0x00000000a5680000)
 Metaspace       used 63687K, capacity 66046K, committed 66136K, reserved 1105920K
  class space    used 8508K, capacity 9010K, committed 9088K, reserved 1048576K
}
Event: 56.548 GC heap before
{Heap before GC invocations=44 (full 3):
 PSYoungGen      total 257536K, used 253380K [0x00000000e0000000, 0x00000000f0800000, 0x0000000100000000)
  eden space 250880K, 100% used [0x00000000e0000000,0x00000000ef500000,0x00000000ef500000)
  from space 6656K, 37% used [0x00000000f0180000,0x00000000f03f1190,0x00000000f0800000)
  to   space 9728K, 0% used [0x00000000ef500000,0x00000000ef500000,0x00000000efe80000)
 ParOldGen       total 88576K, used 64986K [0x00000000a0000000, 0x00000000a5680000, 0x00000000e0000000)
  object space 88576K, 73% used [0x00000000a0000000,0x00000000a3f76860,0x00000000a5680000)
 Metaspace       used 64180K, capacity 66526K, committed 66648K, reserved 1107968K
  class space    used 8553K, capacity 9028K, committed 9088K, reserved 1048576K
Event: 56.577 GC heap after
Heap after GC invocations=44 (full 3):
 PSYoungGen      total 260608K, used 9696K [0x00000000e0000000, 0x00000000f2400000, 0x0000000100000000)
  eden space 250880K, 0% used [0x00000000e0000000,0x00000000e0000000,0x00000000ef500000)
  from space 9728K, 99% used [0x00000000ef500000,0x00000000efe78388,0x00000000efe80000)
  to   space 13312K, 0% used [0x00000000f1700000,0x00000000f1700000,0x00000000f2400000)
 ParOldGen       total 88576K, used 70677K [0x00000000a0000000, 0x00000000a5680000, 0x00000000e0000000)
  object space 88576K, 79% used [0x00000000a0000000,0x00000000a4505448,0x00000000a5680000)
 Metaspace       used 64180K, capacity 66526K, committed 66648K, reserved 1107968K
  class space    used 8553K, capacity 9028K, committed 9088K, reserved 1048576K
}

Deoptimization events (10 events):
Event: 59.268 Thread 0x000000001e60a000 Uncommon trap: reason=array_check action=maybe_recompile pc=0x0000000004d79308 method=java.util.TimSort.mergeHi(IIII)V @ 171
Event: 59.268 Thread 0x000000001e60a000 Uncommon trap: reason=predicate action=maybe_recompile pc=0x0000000004d79038 method=java.util.TimSort.mergeHi(IIII)V @ 191
Event: 59.268 Thread 0x000000001e60a000 Uncommon trap: reason=predicate action=maybe_recompile pc=0x0000000004d7ee7c method=java.util.TimSort.mergeLo(IIII)V @ 153
Event: 59.275 Thread 0x000000001e60a000 Uncommon trap: reason=array_check action=maybe_recompile pc=0x0000000004d38430 method=java.util.TimSort.mergeHi(IIII)V @ 282
Event: 59.296 Thread 0x000000001e60a000 Uncommon trap: reason=unstable_if action=reinterpret pc=0x0000000004b65d20 method=com.android.tools.r8.dex.DexOutputBuffer.ensureSpaceFor(I)V @ 8
Event: 59.487 Thread 0x000000001e60a000 Uncommon trap: reason=bimorphic action=maybe_recompile pc=0x0000000004abc2e0 method=java.util.Iterator.forEachRemaining(Ljava/util/function/Consumer;)V @ 6
Event: 59.547 Thread 0x000000001824a000 Uncommon trap: reason=array_check action=maybe_recompile pc=0x0000000004eaf3ec method=java.util.AbstractCollection.toArray([Ljava/lang/Object;)[Ljava/lang/Object; @ 119
Event: 59.654 Thread 0x000000001824a000 Uncommon trap: reason=array_check action=maybe_recompile pc=0x0000000004eaf3ec method=java.util.AbstractCollection.toArray([Ljava/lang/Object;)[Ljava/lang/Object; @ 119
Event: 59.656 Thread 0x000000001824a000 Uncommon trap: reason=array_check action=maybe_recompile pc=0x0000000004eaf3ec method=java.util.AbstractCollection.toArray([Ljava/lang/Object;)[Ljava/lang/Object; @ 119
Event: 59.737 Thread 0x000000001ca55000 Uncommon trap: reason=unstable_if action=reinterpret pc=0x0000000004beab1c method=java.util.concurrent.ConcurrentLinkedQueue.poll()Ljava/lang/Object; @ 25

Classes redefined (0 events):
No events

Internal exceptions (10 events):
Event: 53.726 Thread 0x000000001e608000 Exception <a 'sun/nio/fs/WindowsException'> (0x00000000ebd584d0) thrown at [D:\src\AOSP-openjdk-cygwin\jdk8u\hotspot\src\share\vm\prims\jni.cpp, line 709]
Event: 53.739 Thread 0x000000001e608800 Exception <a 'sun/nio/fs/WindowsException'> (0x00000000eba64608) thrown at [D:\src\AOSP-openjdk-cygwin\jdk8u\hotspot\src\share\vm\prims\jni.cpp, line 709]
Event: 53.744 Thread 0x000000001e608000 Exception <a 'sun/nio/fs/WindowsException'> (0x00000000ebde8ac8) thrown at [D:\src\AOSP-openjdk-cygwin\jdk8u\hotspot\src\share\vm\prims\jni.cpp, line 709]
Event: 56.271 Thread 0x000000001824a000 Exception <a 'sun/nio/fs/WindowsException'> (0x00000000ed9a6fb8) thrown at [D:\src\AOSP-openjdk-cygwin\jdk8u\hotspot\src\share\vm\prims\jni.cpp, line 709]
Event: 56.646 Thread 0x000000001e608800 Implicit null exception at 0x00000000039e0d2f to 0x00000000039e0e1d
Event: 56.646 Thread 0x000000001e608000 Implicit null exception at 0x00000000039e0d2f to 0x00000000039e0e1d
Event: 57.881 Thread 0x000000001e608000 Implicit null exception at 0x0000000004da82ec to 0x0000000004da8599
Event: 57.917 Thread 0x000000001e608000 Exception <a 'sun/nio/fs/WindowsException'> (0x00000000e5e003b8) thrown at [D:\src\AOSP-openjdk-cygwin\jdk8u\hotspot\src\share\vm\prims\jni.cpp, line 709]
Event: 58.291 Thread 0x0000000018247000 Exception <a 'sun/nio/fs/WindowsException'> (0x00000000e67ed5f0) thrown at [D:\src\AOSP-openjdk-cygwin\jdk8u\hotspot\src\share\vm\prims\jni.cpp, line 709]
Event: 59.487 Thread 0x000000001e60a000 Exception <a 'sun/nio/fs/WindowsException'> (0x00000000ee1eccb0) thrown at [D:\src\AOSP-openjdk-cygwin\jdk8u\hotspot\src\share\vm\prims\jni.cpp, line 709]

Events (10 events):
Event: 59.693 loading class org/gradle/api/tasks/WorkResults$1 done
Event: 59.694 loading class org/gradle/api/tasks/WorkResults$2
Event: 59.694 loading class org/gradle/api/tasks/WorkResults$2 done
Event: 59.724 loading class com/android/build/gradle/internal/dependency/AarTransform$1
Event: 59.724 loading class com/android/build/gradle/internal/dependency/AarTransform$1 done
Event: 59.733 loading class org/gradle/util/RelativePathUtil
Event: 59.733 loading class org/gradle/util/RelativePathUtil done
Event: 59.737 Thread 0x000000001ca55000 Uncommon trap: trap_request=0xffffff65 fr.pc=0x0000000004beab1c
Event: 59.737 Thread 0x000000001ca55000 DEOPT PACKING pc=0x0000000004beab1c sp=0x000000001fffe1d0
Event: 59.737 Thread 0x000000001ca55000 DEOPT UNPACKING pc=0x0000000002e5557b sp=0x000000001fffe0f8 mode 2


Dynamic libraries:
0x00007ff7450b0000 - 0x00007ff7450e1000 	C:\Program Files\Android\Android Studio1\jre\bin\java.exe
0x00007ffe4e5a0000 - 0x00007ffe4e781000 	C:\WINDOWS\SYSTEM32\ntdll.dll
0x00007ffe4ba40000 - 0x00007ffe4baf2000 	C:\WINDOWS\System32\KERNEL32.DLL
0x00007ffe4b420000 - 0x00007ffe4b693000 	C:\WINDOWS\System32\KERNELBASE.dll
0x00007ffe4bde0000 - 0x00007ffe4be81000 	C:\WINDOWS\System32\ADVAPI32.dll
0x00007ffe4c400000 - 0x00007ffe4c49e000 	C:\WINDOWS\System32\msvcrt.dll
0x00007ffe4c1c0000 - 0x00007ffe4c21b000 	C:\WINDOWS\System32\sechost.dll
0x00007ffe4c5c0000 - 0x00007ffe4c6e4000 	C:\WINDOWS\System32\RPCRT4.dll
0x00007ffe4bbf0000 - 0x00007ffe4bd80000 	C:\WINDOWS\System32\USER32.dll
0x00007ffe4aaf0000 - 0x00007ffe4ab10000 	C:\WINDOWS\System32\win32u.dll
0x00007ffe4ccd0000 - 0x00007ffe4ccf8000 	C:\WINDOWS\System32\GDI32.dll
0x00007ffe4ab10000 - 0x00007ffe4aca2000 	C:\WINDOWS\System32\gdi32full.dll
0x00007ffe4b990000 - 0x00007ffe4ba2f000 	C:\WINDOWS\System32\msvcp_win.dll
0x00007ffe4a970000 - 0x00007ffe4aa6a000 	C:\WINDOWS\System32\ucrtbase.dll
0x00007ffe3d930000 - 0x00007ffe3db99000 	C:\WINDOWS\WinSxS\amd64_microsoft.windows.common-controls_6595b64144ccf1df_6.0.17134.228_none_fb4599993062b194\COMCTL32.dll
0x00007ffe4be90000 - 0x00007ffe4c1b3000 	C:\WINDOWS\System32\combase.dll
0x00007ffe4aa70000 - 0x00007ffe4aaea000 	C:\WINDOWS\System32\bcryptPrimitives.dll
0x00007ffe4c6f0000 - 0x00007ffe4c71d000 	C:\WINDOWS\System32\IMM32.DLL
0x00000000690e0000 - 0x00000000691b2000 	C:\Program Files\Android\Android Studio1\jre\jre\bin\msvcr100.dll
0x00000000680b0000 - 0x00000000688ef000 	C:\Program Files\Android\Android Studio1\jre\jre\bin\server\jvm.dll
0x00007ffe4ba30000 - 0x00007ffe4ba38000 	C:\WINDOWS\System32\PSAPI.DLL
0x00007ffe39de0000 - 0x00007ffe39de9000 	C:\WINDOWS\SYSTEM32\WSOCK32.dll
0x00007ffe47500000 - 0x00007ffe47523000 	C:\WINDOWS\SYSTEM32\WINMM.dll
0x00007ffe474d0000 - 0x00007ffe474fa000 	C:\WINDOWS\SYSTEM32\WINMMBASE.dll
0x00007ffe4b940000 - 0x00007ffe4b989000 	C:\WINDOWS\System32\cfgmgr32.dll
0x00007ffe3e1c0000 - 0x00007ffe3e1ca000 	C:\WINDOWS\SYSTEM32\VERSION.dll
0x00007ffe4cb70000 - 0x00007ffe4cbdc000 	C:\WINDOWS\System32\WS2_32.dll
0x00007ffe38d20000 - 0x00007ffe38d2f000 	C:\Program Files\Android\Android Studio1\jre\jre\bin\verify.dll
0x00007ffe36680000 - 0x00007ffe366a9000 	C:\Program Files\Android\Android Studio1\jre\jre\bin\java.dll
0x00007ffe36b00000 - 0x00007ffe36b16000 	C:\Program Files\Android\Android Studio1\jre\jre\bin\zip.dll
0x00007ffe4d000000 - 0x00007ffe4e440000 	C:\WINDOWS\System32\SHELL32.dll
0x00007ffe4e4c0000 - 0x00007ffe4e569000 	C:\WINDOWS\System32\shcore.dll
0x00007ffe4ad10000 - 0x00007ffe4b41d000 	C:\WINDOWS\System32\windows.storage.dll
0x00007ffe4c220000 - 0x00007ffe4c271000 	C:\WINDOWS\System32\shlwapi.dll
0x00007ffe4a910000 - 0x00007ffe4a921000 	C:\WINDOWS\System32\kernel.appcore.dll
0x00007ffe4a950000 - 0x00007ffe4a96f000 	C:\WINDOWS\System32\profapi.dll
0x00007ffe4a8c0000 - 0x00007ffe4a90c000 	C:\WINDOWS\System32\powrprof.dll
0x00007ffe4a8b0000 - 0x00007ffe4a8ba000 	C:\WINDOWS\System32\FLTLIB.DLL
0x00007ffe2dd20000 - 0x00007ffe2dd3a000 	C:\Program Files\Android\Android Studio1\jre\jre\bin\net.dll
0x00007ffe4a130000 - 0x00007ffe4a196000 	C:\WINDOWS\system32\mswsock.dll
0x00007ffe27820000 - 0x00007ffe27831000 	C:\Program Files\Android\Android Studio1\jre\jre\bin\nio.dll
0x00007ffe38ee0000 - 0x00007ffe38efe000 	C:\Users\Anji\.gradle\native\25\windows-amd64\native-platform.dll
0x00007ffe38d10000 - 0x00007ffe38d1d000 	C:\Program Files\Android\Android Studio1\jre\jre\bin\management.dll
0x00007ffe4a2e0000 - 0x00007ffe4a2f7000 	C:\WINDOWS\SYSTEM32\CRYPTSP.dll
0x00007ffe49d10000 - 0x00007ffe49d43000 	C:\WINDOWS\system32\rsaenh.dll
0x00007ffe4a410000 - 0x00007ffe4a435000 	C:\WINDOWS\SYSTEM32\bcrypt.dll
0x00007ffe4a7e0000 - 0x00007ffe4a808000 	C:\WINDOWS\SYSTEM32\USERENV.dll
0x00007ffe4a300000 - 0x00007ffe4a30b000 	C:\WINDOWS\SYSTEM32\CRYPTBASE.dll
0x00007ffe49eb0000 - 0x00007ffe49ee8000 	C:\WINDOWS\SYSTEM32\IPHLPAPI.DLL
0x00007ffe4e440000 - 0x00007ffe4e448000 	C:\WINDOWS\System32\NSI.dll
0x00007ffe3f5d0000 - 0x00007ffe3f5e6000 	C:\WINDOWS\SYSTEM32\dhcpcsvc6.DLL
0x00007ffe401e0000 - 0x00007ffe401fa000 	C:\WINDOWS\SYSTEM32\dhcpcsvc.DLL

VM Arguments:
jvm_args: -Xmx1536m -Dfile.encoding=windows-1252 -Duser.country=US -Duser.language=en -Duser.variant 
java_command: org.gradle.launcher.daemon.bootstrap.GradleDaemon 4.4
java_class_path (initial): C:\Users\Anji\.gradle\wrapper\dists\gradle-4.4-all\9br9xq1tocpiv8o6njlyu5op1\gradle-4.4\lib\gradle-launcher-4.4.jar
Launcher Type: SUN_STANDARD

Environment Variables:
JAVA_HOME=C:\Program Files\Java
PATH=C:\Program Files (x86)\Common Files\Oracle\Java\javapath;C:\ProgramData\Oracle\Java\javapath;C:\WINDOWS\system32;C:\WINDOWS;C:\WINDOWS\System32\Wbem;C:\WINDOWS\System32\WindowsPowerShell\v1.0\;C:\Program Files\MySQL\MySQL Server 5.5\bin;C:\Program Files (x86)\Common Files\lenovo\easyplussdk\bin;G:\softwares\apache-maven-3.3.9-bin\apache-maven-3.3.9\bin;C:\Program Files\Git\cmd;C:\Program Files\Microsoft SQL Server\110\DTS\Binn\;C:\Program Files (x86)\Microsoft SQL Server\110\Tools\Binn\;C:\Program Files\Microsoft SQL Server\110\Tools\Binn\;C:\Program Files (x86)\Microsoft SQL Server\110\Tools\Binn\ManagementStudio\;C:\Program Files (x86)\Microsoft Visual Studio 10.0\Common7\IDE\PrivateAssemblies\;C:\Program Files (x86)\Microsoft SQL Server\110\DTS\Binn\;E:\hadoop-2.6.2\bin;E:\hadoop-2.6.2\sbin;E:\hadoop-2.6.2\share\hadoop\common\*;E:\hadoop-2.6.2\share\hadoop\hdfs;E:\hadoop-2.6.2\share\hadoop\hdfs\lib\*;E:\hadoop-2.6.2\share\hadoop\hdfs\*;E:\hadoop-2.6.2\share\hadoop\yarn\lib\*;E:\hadoop-2.6.2\share\hadoop\yarn;E:\hadoop-2.6.2\share\hadoop\mapreduce\lib\*;E:\hadoop-2.6.2\share\hadoop\mapreduce;E:\hadoop-2.6.2\share\hadoop\common\lib\*;C:\Program Files\Java\jdk1.8.0_91\bin;;C:\WINDOWS\System32\OpenSSH\;C:\Users\Anji\AppData\Local\Microsoft\WindowsApps;
USERNAME=Anji
OS=Windows_NT
PROCESSOR_IDENTIFIER=Intel64 Family 6 Model 69 Stepping 1, GenuineIntel



---------------  S Y S T E M  ---------------

OS: Windows 10.0 , 64 bit Build 17134 (10.0.17134.1)

CPU:total 4 (initial active 4) (2 cores per cpu, 2 threads per core) family 6 model 69 stepping 1, cmov, cx8, fxsr, mmx, sse, sse2, sse3, ssse3, sse4.1, sse4.2, popcnt, avx, avx2, aes, clmul, erms, lzcnt, ht, tsc, tscinvbit, bmi1, bmi2

Memory: 4k page, physical 4088172k(424232k free), swap 4088172k(7572k free)

vm_info: OpenJDK 64-Bit Server VM (25.152-b02) for windows-amd64 JRE (1.8.0_152-release-1024-b02), built by "builder" with MS VC++ 10.0 (VS2010)

time: Tue Aug 28 00:23:40 2018
elapsed time: 59 seconds (0d 0h 0m 59s)

