JvmtiExport can_access_local_variables 0
JvmtiExport can_hotswap_or_post_breakpoint 0
JvmtiExport can_post_on_exceptions 0
# 482 ciObject found
ciMethod java/lang/Object <init> ()V 4097 1 240395 0 0
ciMethod java/lang/Object hashCode ()I 2049 1 256 0 -1
ciMethod java/lang/Object equals (Ljava/lang/Object;)Z 3081 1 6569 0 -1
ciMethod java/lang/Object clone ()Ljava/lang/Object; 2049 1 256 0 -1
ciMethod java/lang/String <init> ([CII)V 2993 1 6519 0 704
ciMethod java/lang/String <init> ([BIILjava/lang/String;)V 2057 1 1100 0 -1
ciMethod java/lang/String <init> ([CZ)V 1849 1 11964 0 64
ciMethod java/lang/String length ()I 3089 1 119256 0 0
ciMethod java/lang/String charAt (I)C 4097 1 795722 0 -1
ciMethod java/lang/String codePointAt (I)I 881 1 3671 0 -1
ciMethod java/lang/String getChars ([CI)V 2065 1 5387 0 0
ciMethod java/lang/String equals (Ljava/lang/Object;)Z 2049 12473 2399 0 -1
ciMethod java/lang/String equalsIgnoreCase (Ljava/lang/String;)Z 3097 1 5531 0 1472
ciMethod java/lang/String regionMatches (ZILjava/lang/String;II)Z 2025 625 5381 0 1920
ciMethod java/lang/String hashCode ()I 2673 32769 1021 0 288
ciMethod java/lang/String lastIndexOf (I)I 2057 1 20809 0 0
ciMethod java/lang/String lastIndexOf (II)I 921 49153 824 0 288
ciMethod java/lang/String lastIndexOfSupplementary (II)I 0 0 1 0 -1
ciMethod java/lang/String substring (II)Ljava/lang/String; 2617 1 6471 0 992
ciMethod java/lang/String concat (Ljava/lang/String;)Ljava/lang/String; 2057 1 5387 0 896
ciMethod java/lang/String replace (CC)Ljava/lang/String; 841 41945 835 0 1120
ciMethod java/lang/String toUpperCase (Ljava/util/Locale;)Ljava/lang/String; 537 13865 846 0 2336
ciMethod java/lang/ClassLoader preDefineClass (Ljava/lang/String;Ljava/security/ProtectionDomain;)Ljava/security/ProtectionDomain; 3217 1 3954 0 -1
ciMethod java/lang/ClassLoader defineClassSourceLocation (Ljava/security/ProtectionDomain;)Ljava/lang/String; 3217 1 3954 0 -1
ciMethod java/lang/ClassLoader postDefineClass (Ljava/lang/Class;Ljava/security/ProtectionDomain;)V 3217 1 3954 0 -1
ciMethod java/lang/ClassLoader defineClass (Ljava/lang/String;[BIILjava/security/ProtectionDomain;)Ljava/lang/Class; 2161 1 3947 0 -1
ciMethod java/lang/ClassLoader defineClass (Ljava/lang/String;Ljava/nio/ByteBuffer;Ljava/security/ProtectionDomain;)Ljava/lang/Class; 0 0 1 0 -1
ciMethod java/lang/ClassLoader defineClass2 (Ljava/lang/String;Ljava/nio/ByteBuffer;IILjava/security/ProtectionDomain;Ljava/lang/String;)Ljava/lang/Class; 0 0 1 0 -1
ciMethod java/lang/ClassLoader definePackage (Ljava/lang/String;Ljava/lang/String;Ljava/lang/String;Ljava/lang/String;Ljava/lang/String;Ljava/lang/String;Ljava/lang/String;Ljava/net/URL;)Ljava/lang/Package; 937 1 481 0 0
ciMethod java/lang/ClassLoader getPackage (Ljava/lang/String;)Ljava/lang/Package; 2089 1 5421 0 6336
ciMethod java/lang/System nanoTime ()J 3073 1 384 0 -1
ciMethod java/lang/System arraycopy (Ljava/lang/Object;ILjava/lang/Object;II)V 5121 1 640 0 -1
ciMethod java/lang/Throwable addSuppressed (Ljava/lang/Throwable;)V 0 0 1 0 0
ciMethod java/security/SecureClassLoader defineClass (Ljava/lang/String;[BIILjava/security/CodeSource;)Ljava/lang/Class; 2161 1 3940 0 0
ciMethod java/security/SecureClassLoader defineClass (Ljava/lang/String;Ljava/nio/ByteBuffer;Ljava/security/CodeSource;)Ljava/lang/Class; 0 0 1 0 0
ciMethod java/security/SecureClassLoader getProtectionDomain (Ljava/security/CodeSource;)Ljava/security/ProtectionDomain; 2161 1 3945 0 -1
ciMethod java/lang/ref/Reference get ()Ljava/lang/Object; 1081 1 135 0 -1
ciMethod java/lang/ref/Reference <init> (Ljava/lang/Object;)V 2049 1 5969 0 0
ciMethod java/lang/ref/Reference <init> (Ljava/lang/Object;Ljava/lang/ref/ReferenceQueue;)V 2065 1 17468 0 96
ciMethod java/lang/ref/SoftReference <init> (Ljava/lang/Object;)V 1537 1 2376 0 0
ciMethod java/lang/ref/SoftReference get ()Ljava/lang/Object; 2049 1 12585 0 96
ciMethod java/lang/Thread currentThread ()Ljava/lang/Thread; 2049 1 256 0 -1
ciMethod java/lang/Thread interrupt ()V 0 0 1 0 -1
ciMethod java/lang/Thread interrupted ()Z 3185 1 4110 0 -1
ciMethod java/util/Map get (Ljava/lang/Object;)Ljava/lang/Object; 0 0 1 0 -1
ciMethod java/util/Map put (Ljava/lang/Object;Ljava/lang/Object;)Ljava/lang/Object; 0 0 1 0 -1
ciMethod java/util/Hashtable <init> (IF)V 2065 1 622 0 0
ciMethod java/util/Hashtable <init> (I)V 1185 1 147 0 0
ciMethod java/util/Hashtable <init> ()V 2049 1 475 0 0
ciMethod java/util/Dictionary <init> ()V 2065 1 622 0 0
ciMethod java/lang/StringBuilder <init> ()V 945 1 19006 0 -1
ciMethod java/lang/StringBuilder append (Ljava/lang/String;)Ljava/lang/StringBuilder; 2065 1 35350 0 -1
ciMethod java/lang/StringBuilder append (I)Ljava/lang/StringBuilder; 1 1 3495 0 -1
ciMethod java/lang/StringBuilder toString ()Ljava/lang/String; 1025 1 19722 0 -1
ciMethod java/io/ByteArrayInputStream <init> ([B)V 153 1 149 0 0
ciMethod java/io/InputStream <init> ()V 2049 1 9570 0 0
ciMethod java/io/InputStream read ([BII)I 9 1497 1 0 -1
ciMethod java/io/InputStream close ()V 0 0 1 0 -1
ciMethod java/net/URLClassLoader getAndVerifyPackage (Ljava/lang/String;Ljava/util/jar/Manifest;Ljava/net/URL;)Ljava/lang/Package; 3073 1 3675 0 0
ciMethod java/net/URLClassLoader definePackageInternal (Ljava/lang/String;Ljava/util/jar/Manifest;Ljava/net/URL;)V 2161 1 3670 0 0
ciMethod java/net/URLClassLoader defineClass (Ljava/lang/String;Lsun/misc/Resource;)Ljava/lang/Class; 1129 1 3674 0 0
ciMethod java/net/URLClassLoader definePackage (Ljava/lang/String;Ljava/util/jar/Manifest;Ljava/net/URL;)Ljava/lang/Package; 937 1 465 0 0
ciMethod java/net/URLClassLoader isSealed (Ljava/lang/String;Ljava/util/jar/Manifest;)Z 2057 1 3210 0 0
ciMethod java/net/URLClassLoader access$000 (Ljava/net/URLClassLoader;)Lsun/misc/URLClassPath; 1097 1 137 0 0
ciMethod java/net/URLClassLoader access$100 (Ljava/net/URLClassLoader;Ljava/lang/String;Lsun/misc/Resource;)Ljava/lang/Class; 1129 1 3674 0 0
ciMethod java/util/jar/Manifest <init> (Ljava/io/InputStream;)V 153 1 145 0 0
ciMethod java/util/jar/Manifest getMainAttributes ()Ljava/util/jar/Attributes; 1025 1 128 0 0
ciMethod java/util/jar/Manifest getEntries ()Ljava/util/Map; 1065 1 133 0 0
ciMethod java/util/jar/Manifest getAttributes (Ljava/lang/String;)Ljava/util/jar/Attributes; 2049 1 3774 0 0
ciMethod java/util/jar/Manifest read (Ljava/io/InputStream;)V 153 1 147 0 -1
ciMethod java/util/jar/Manifest parseName ([BI)Ljava/lang/String; 393 1 49 0 -1
ciMethod java/security/CodeSource <init> (Ljava/net/URL;[Ljava/security/CodeSigner;)V 2161 1 3936 0 0
ciMethod java/nio/Buffer position ()I 1073 1 134 0 -1
ciMethod java/nio/Buffer remaining ()I 2049 1 2725 0 -1
ciMethod java/lang/Character charCount (I)I 1153 1 6700 0 -1
ciMethod java/lang/Character toChars (I[CI)I 0 0 1 0 -1
ciMethod java/lang/Character toChars (I)[C 0 0 1 0 -1
ciMethod java/lang/Character toLowerCase (C)C 2089 1 16202 0 192
ciMethod java/lang/Character toLowerCase (I)I 4097 1 206899 0 160
ciMethod java/lang/Character toUpperCase (C)C 2049 1 14362 0 0
ciMethod java/lang/Character toUpperCase (I)I 2049 1 14362 0 0
ciMethod java/lang/Character toUpperCaseEx (I)I 2073 1 27383 0 -1
ciMethod java/lang/Character toUpperCaseCharArray (I)[C 0 0 1 0 -1
ciMethod java/lang/Float isNaN (F)Z 2057 1 2858 0 0
ciMethod java/lang/Float floatToRawIntBits (F)I 9 1 1 0 -1
ciMethod java/util/Comparator compare (Ljava/lang/Object;Ljava/lang/Object;)I 0 0 1 0 -1
ciMethod java/util/List add (Ljava/lang/Object;)Z 0 0 1 0 -1
ciMethod java/util/AbstractList <init> ()V 2049 1 10384 0 0
ciMethod java/util/AbstractCollection <init> ()V 465 1 15384 0 0
ciMethod java/util/ArrayList <init> (I)V 2049 1 2311 0 -1
ciMethod java/util/ArrayList <init> ()V 1417 1 5326 0 64
ciMethod java/util/ArrayList size ()I 1137 1 142 0 -1
ciMethod java/util/AbstractMap <init> ()V 537 1 5439 0 0
ciMethod java/util/HashMap hash (Ljava/lang/Object;)I 2089 1 30945 0 0
ciMethod java/util/HashMap tableSizeFor (I)I 2049 1 1715 0 -1
ciMethod java/util/HashMap <init> (IF)V 1945 1 1694 0 0
ciMethod java/util/HashMap <init> (I)V 481 1 805 0 0
ciMethod java/util/HashMap <init> ()V 217 1 2888 0 0
ciMethod java/util/HashMap get (Ljava/lang/Object;)Ljava/lang/Object; 2049 1 15663 0 640
ciMethod java/util/HashMap getNode (ILjava/lang/Object;)Ljava/util/HashMap$Node; 2049 9 15674 0 480
ciMethod java/util/HashMap put (Ljava/lang/Object;Ljava/lang/Object;)Ljava/lang/Object; 1273 1 9121 0 -1
ciMethod java/lang/Math max (II)I 593 1 35436 0 -1
ciMethod java/lang/Math min (II)I 3081 1 61605 0 -1
ciMethod java/lang/Math min (FF)F 2145 1 668 0 0
ciMethod java/io/OutputStream <init> ()V 2057 1 862 0 0
ciMethod java/util/Arrays copyOf ([BI)[B 2065 1 14512 0 -1
ciMethod java/util/Arrays copyOf ([CI)[C 913 1 20812 0 0
ciMethod java/util/Arrays copyOfRange ([CII)[C 3105 1 5532 0 512
ciMethod java/io/PrintStream println (Ljava/lang/String;)V 0 0 1 0 -1
ciMethod java/nio/ByteBuffer get ([B)Ljava/nio/ByteBuffer; 0 0 1 0 -1
ciMethod java/nio/ByteBuffer hasArray ()Z 2105 1 2566 0 -1
ciMethod java/nio/ByteBuffer array ()[B 1489 1 3867 0 -1
ciMethod java/nio/ByteBuffer arrayOffset ()I 2057 1 6750 0 -1
ciMethod java/nio/ByteBuffer isDirect ()Z 0 0 1 0 -1
ciMethodData java/lang/Object <init> ()V 2 240395 orig 264 56 173 46 118 0 0 0 0 128 4 197 21 0 0 0 0 32 1 0 0 0 0 0 0 0 0 0 0 0 0 0 0 0 0 0 0 0 0 0 0 0 0 0 0 0 0 0 0 0 0 0 0 0 0 0 0 0 0 0 0 0 0 0 0 0 0 0 0 0 0 0 0 0 0 0 0 0 0 0 0 77 68 79 32 101 120 116 114 97 32 100 97 116 97 32 108 111 99 107 0 0 0 0 0 0 0 0 0 0 0 0 0 0 0 0 0 0 0 0 0 0 0 0 0 0 0 0 0 0 0 0 0 0 0 0 0 0 0 0 0 0 0 0 0 0 0 0 0 0 0 0 0 0 0 0 0 0 0 0 0 0 0 0 0 0 0 0 0 0 0 0 0 0 0 0 0 0 0 0 0 0 0 0 0 1 0 0 0 0 0 0 0 1 0 0 0 0 0 0 0 1 0 0 0 0 0 0 0 0 0 0 0 0 0 0 0 0 2 0 0 89 72 29 0 1 0 0 0 0 0 0 0 0 0 0 0 2 0 0 0 0 0 3 0 1 0 0 0 0 0 0 0 255 255 255 255 0 0 0 0 0 0 0 0 data 0 oops 0
ciMethod java/lang/IllegalArgumentException <init> (Ljava/lang/String;)V 0 0 3 0 -1
ciMethod java/util/Locale getLanguage ()Ljava/lang/String; 497 1 2136 0 -1
ciMethod java/lang/CharacterData toLowerCase (I)I 0 0 1 0 -1
ciMethod java/lang/CharacterData toUpperCase (I)I 0 0 1 0 -1
ciMethod java/lang/CharacterData of (I)Ljava/lang/CharacterData; 4097 1 6477 0 96
ciMethod java/lang/CharacterDataLatin1 getProperties (I)I 4097 1 31137 0 -1
ciMethod java/lang/CharacterDataLatin1 toLowerCase (I)I 4097 1 8855 0 160
ciMethod java/lang/CharacterDataLatin1 toUpperCase (I)I 3137 1 5517 0 160
ciMethod java/util/HashMap$TreeNode getTreeNode (ILjava/lang/Object;)Ljava/util/HashMap$TreeNode; 0 0 1 0 -1
ciMethodData java/lang/Character toLowerCase (I)I 2 206899 orig 264 56 173 46 118 0 0 0 0 160 178 206 21 0 0 0 0 136 1 0 0 0 0 0 0 0 0 0 0 0 0 0 0 0 0 0 0 0 0 0 0 0 0 0 0 0 0 0 0 0 0 0 0 0 0 0 0 0 0 0 0 0 0 0 0 0 0 0 0 0 0 0 0 0 0 0 0 0 0 0 0 77 68 79 32 101 120 116 114 97 32 100 97 116 97 32 108 111 99 107 0 0 0 0 0 0 0 0 0 0 0 0 0 0 0 0 0 0 0 0 0 0 0 0 0 0 0 0 0 0 0 0 0 0 0 0 0 0 0 0 0 0 0 0 0 0 0 0 0 0 0 0 0 0 0 0 0 0 0 0 0 0 0 0 0 0 0 0 0 0 0 0 0 0 0 0 0 0 0 0 0 0 0 0 0 0 0 0 0 0 0 0 0 0 0 0 0 0 0 0 0 0 0 0 0 0 0 0 0 0 0 0 0 0 0 0 0 0 2 0 0 153 49 25 0 1 0 0 0 0 0 0 0 0 0 0 0 2 0 0 0 0 0 3 0 2 0 0 0 64 0 0 0 255 255 255 255 2 0 1 0 0 0 0 0 data 8 0x10002 0x32633 0x50005 0x0 0x1b250d60 0x32633 0x0 0x0 oops 1